Log file open, 05/01/19 18:50:49
LogWindows: Failed to load 'aqProf.dll' (GetLastError=126)
LogWindows: File 'aqProf.dll' does not exist
LogWindows: Failed to load 'VtuneApi.dll' (GetLastError=126)
LogWindows: File 'VtuneApi.dll' does not exist
LogWindows: Failed to load 'VtuneApi32e.dll' (GetLastError=126)
LogWindows: File 'VtuneApi32e.dll' does not exist
LogConsoleResponse: Display: Failed to find resolution value strings in scalability ini. Falling back to default.
LogInit: Display: Running engine for game: P3_ALE
LogPakFile: Registered encryption key '00000000000000000000000000000000': 0 pak files mounted, 0 remain pending
LogPlatformFile: Not using cached read wrapper
LogTaskGraph: Started task graph with 5 named threads and 11 total threads with 3 sets of task threads.
LogStats: Stats thread started at 0.262690
LogD3D11RHI: Loaded GFSDK_Aftermath_Lib.x64.dll
LogICUInternationalization: ICU TimeZone Detection - Raw Offset: -6:00, Platform Override: ''
LogPluginManager: Mounting plugin Paper2D
LogPluginManager: Mounting plugin AISupport
LogPluginManager: Mounting plugin LightPropagationVolume
LogPluginManager: Mounting plugin ActorLayerUtilities
LogPluginManager: Mounting plugin AnimationSharing
LogPluginManager: Mounting plugin CLionSourceCodeAccess
LogPluginManager: Mounting plugin CodeLiteSourceCodeAccess
LogPluginManager: Mounting plugin GitSourceControl
LogPluginManager: Mounting plugin KDevelopSourceCodeAccess
LogPluginManager: Mounting plugin NullSourceCodeAccess
LogPluginManager: Mounting plugin PerforceSourceControl
LogPluginManager: Mounting plugin SubversionSourceControl
LogPluginManager: Mounting plugin UObjectPlugin
LogPluginManager: Mounting plugin VisualStudioCodeSourceCodeAccess
LogPluginManager: Mounting plugin VisualStudioSourceCodeAccess
LogPluginManager: Mounting plugin XCodeSourceCodeAccess
LogPluginManager: Mounting plugin AssetManagerEditor
LogPluginManager: Mounting plugin CryptoKeys
LogPluginManager: Mounting plugin DataValidation
LogPluginManager: Mounting plugin FacialAnimation
LogPluginManager: Mounting plugin GameplayTagsEditor
LogPluginManager: Mounting plugin MacGraphicsSwitching
LogPluginManager: Mounting plugin MaterialAnalyzer
LogPluginManager: Mounting plugin MobileLauncherProfileWizard
LogPluginManager: Mounting plugin PluginBrowser
LogPluginManager: Mounting plugin SpeedTreeImporter
LogPluginManager: Mounting plugin DatasmithContent
LogPluginManager: Mounting plugin VariantManagerContent
LogPluginManager: Mounting plugin AlembicImporter
LogPluginManager: Mounting plugin AppleImageUtils
LogPluginManager: Mounting plugin AppleVision
LogPluginManager: Mounting plugin BackChannel
LogPluginManager: Mounting plugin CharacterAI
LogPluginManager: Mounting plugin GeometryCache
LogPluginManager: Mounting plugin HTML5Networking
LogPluginManager: Mounting plugin ProxyLODPlugin
LogPluginManager: Mounting plugin SkeletalReduction
LogPluginManager: Mounting plugin MagicLeap
LogPluginManager: Mounting plugin MagicLeapMedia
LogPluginManager: Mounting plugin AndroidMedia
LogPluginManager: Mounting plugin AvfMedia
LogPluginManager: Mounting plugin ImgMedia
LogPluginManager: Mounting plugin LinearTimecode
LogPluginManager: Mounting plugin MediaCompositing
LogPluginManager: Mounting plugin MediaPlayerEditor
LogPluginManager: Mounting plugin WebMMedia
LogPluginManager: Mounting plugin WmfMedia
LogPluginManager: Mounting plugin TcpMessaging
LogPluginManager: Mounting plugin UdpMessaging
LogPluginManager: Mounting plugin ActorSequence
LogPluginManager: Mounting plugin LevelSequenceEditor
LogPluginManager: Mounting plugin MatineeToLevelSequence
LogPluginManager: Mounting plugin NetcodeUnitTest
LogPluginManager: Mounting plugin NUTUnrealEngine4
LogPluginManager: Mounting plugin OnlineSubsystemGooglePlay
LogPluginManager: Mounting plugin OnlineSubsystemIOS
LogPluginManager: Mounting plugin OnlineSubsystem
LogPluginManager: Mounting plugin OnlineSubsystemNull
LogPluginManager: Mounting plugin OnlineSubsystemUtils
LogPluginManager: Mounting plugin LauncherChunkInstaller
LogPluginManager: Mounting plugin AndroidDeviceProfileSelector
LogPluginManager: Mounting plugin AndroidMoviePlayer
LogPluginManager: Mounting plugin AndroidPermission
LogPluginManager: Mounting plugin AppleMoviePlayer
LogPluginManager: Mounting plugin ArchVisCharacter
LogPluginManager: Mounting plugin AudioCapture
LogPluginManager: Mounting plugin CableComponent
LogPluginManager: Mounting plugin CustomMeshComponent
LogPluginManager: Mounting plugin EditableMesh
LogPluginManager: Mounting plugin ExampleDeviceProfileSelector
LogPluginManager: Mounting plugin Firebase
LogPluginManager: Mounting plugin GoogleCloudMessaging
LogPluginManager: Mounting plugin IOSDeviceProfileSelector
LogPluginManager: Mounting plugin LinuxDeviceProfileSelector
LogPluginManager: Mounting plugin LocationServicesBPLibrary
LogPluginManager: Mounting plugin MobilePatchingUtils
LogPluginManager: Mounting plugin OculusVR
LogPluginManager: Mounting plugin PhysXVehicles
LogPluginManager: Mounting plugin ProceduralMeshComponent
LogPluginManager: Mounting plugin RuntimePhysXCooking
LogPluginManager: Mounting plugin SignificanceManager
LogPluginManager: Mounting plugin SteamVR
LogPluginManager: Mounting plugin WebMMoviePlayer
LogPluginManager: Mounting plugin WindowsMoviePlayer
LogInit: Using libcurl 7.55.1-DEV
LogInit:  - built for x86_64-pc-win32
LogInit:  - supports SSL with OpenSSL/1.1.1
LogInit:  - supports HTTP deflate (compression) using libz 1.2.8
LogInit:  - other features:
LogInit:      CURL_VERSION_SSL
LogInit:      CURL_VERSION_LIBZ
LogInit:      CURL_VERSION_IPV6
LogInit:      CURL_VERSION_ASYNCHDNS
LogInit:      CURL_VERSION_LARGEFILE
LogInit:      CURL_VERSION_IDN
LogInit:  CurlRequestOptions (configurable via config and command line):
LogInit:  - bVerifyPeer = true  - Libcurl will verify peer certificate
LogInit:  - bUseHttpProxy = false  - Libcurl will NOT use HTTP proxy
LogInit:  - bDontReuseConnections = false  - Libcurl will reuse connections
LogInit:  - MaxHostConnections = 16  - Libcurl will limit the number of connections to a host
LogInit:  - LocalHostAddr = Default
LogInit:  - BufferSize = 65536
LogInit: WinSock: version 1.1 (2.2), MaxSocks=32767, MaxUdp=65467
LogInit: Build: ++UE4+Release-4.22-CL-6063286
LogInit: Engine Version: 4.22.1-6063286+++UE4+Release-4.22
LogInit: Compatible Engine Version: 4.22.0-5660361+++UE4+Release-4.22
LogInit: Net CL: 5660361
LogInit: OS: Windows 10 (Release 1803) (), CPU: Intel(R) Core(TM) i5-7200U CPU @ 2.50GHz, GPU: Intel(R) HD Graphics 620
LogInit: Compiled (64-bit): Apr 24 2019 04:36:48
LogInit: Compiled with Visual C++: 19.16.27025.01
LogInit: Build Configuration: Development
LogInit: Branch Name: ++UE4+Release-4.22
LogInit: Command Line: 
LogInit: Base Directory: C:/Program Files/Epic Games/UE_4.22/Engine/Binaries/Win64/
LogInit: Installed Engine Build: 1
LogDevObjectVersion: Number of dev versions registered: 23
LogDevObjectVersion:   Dev-Blueprints (B0D832E4-1F89-4F0D-ACCF-7EB736FD4AA2): 10
LogDevObjectVersion:   Dev-Build (E1C64328-A22C-4D53-A36C-8E866417BD8C): 0
LogDevObjectVersion:   Dev-Core (375EC13C-06E4-48FB-B500-84F0262A717E): 3
LogDevObjectVersion:   Dev-Editor (E4B068ED-F494-42E9-A231-DA0B2E46BB41): 30
LogDevObjectVersion:   Dev-Framework (CFFC743F-43B0-4480-9391-14DF171D2073): 35
LogDevObjectVersion:   Dev-Mobile (B02B49B5-BB20-44E9-A304-32B752E40360): 2
LogDevObjectVersion:   Dev-Networking (A4E4105C-59A1-49B5-A7C5-40C4547EDFEE): 0
LogDevObjectVersion:   Dev-Online (39C831C9-5AE6-47DC-9A44-9C173E1C8E7C): 0
LogDevObjectVersion:   Dev-Physics (78F01B33-EBEA-4F98-B9B4-84EACCB95AA2): 0
LogDevObjectVersion:   Dev-Platform (6631380F-2D4D-43E0-8009-CF276956A95A): 0
LogDevObjectVersion:   Dev-Rendering (12F88B9F-8875-4AFC-A67C-D90C383ABD29): 28
LogDevObjectVersion:   Dev-Sequencer (7B5AE74C-D270-4C10-A958-57980B212A5A): 11
LogDevObjectVersion:   Dev-VR (D7296918-1DD6-4BDD-9DE2-64A83CC13884): 2
LogDevObjectVersion:   Dev-LoadTimes (C2A15278-BFE7-4AFE-6C17-90FF531DF755): 1
LogDevObjectVersion:   Private-Geometry (6EACA3D4-40EC-4CC1-B786-8BED09428FC5): 3
LogDevObjectVersion:   Dev-AnimPhys (29E575DD-E0A3-4627-9D10-D276232CDCEA): 17
LogDevObjectVersion:   Dev-Anim (AF43A65D-7FD3-4947-9873-3E8ED9C1BB05): 2
LogDevObjectVersion:   Dev-ReflectionCapture (6B266CEC-1EC7-4B8F-A30B-E4D90942FC07): 1
LogDevObjectVersion:   Dev-Automation (0DF73D61-A23F-47EA-B727-89E90C41499A): 1
LogDevObjectVersion:   FortniteMain (601D1886-AC64-4F84-AA16-D3DE0DEAC7D6): 25
LogDevObjectVersion:   Dev-Enterprise (9DFFBCD6-494F-0158-E221-12823C92A888): 6
LogDevObjectVersion:   Dev-Niagara (F2AED0AC-9AFE-416F-8664-AA7FFA26D6FC): 1
LogDevObjectVersion:   Dev-Destruction (174F1F0B-B4C6-45A5-B13F-2EE8D0FB917D): 2
LogInit: Presizing for max 16777216 objects, including 0 objects not considered by GC, pre-allocating 0 bytes for permanent pool.
LogInit: Object subsystem initialized
LogConfig: Setting CVar [[con.DebugEarlyDefault:1]]
LogConfig: Setting CVar [[r.setres:1280x720]]
[2019.05.01-23.50.50:993][  0]LogConfig: Setting CVar [[r.VSync:0]]
[2019.05.01-23.50.50:993][  0]LogConfig: Setting CVar [[r.RHICmdBypass:0]]
[2019.05.01-23.50.50:993][  0]LogConfig: Applying CVar settings from Section [/Script/Engine.RendererSettings] File [C:/Users/ALE/Documents/GAME_2nd/GAME LEVEL DESIGN 2/PROJECT 3/PROJECT_3/P3_ALE/Saved/Config/Windows/Engine.ini]
[2019.05.01-23.50.50:993][  0]LogConfig: Setting CVar [[r.GPUCrashDebugging:0]]
[2019.05.01-23.50.50:993][  0]LogConfig: Applying CVar settings from Section [/Script/Engine.RendererOverrideSettings] File [C:/Users/ALE/Documents/GAME_2nd/GAME LEVEL DESIGN 2/PROJECT 3/PROJECT_3/P3_ALE/Saved/Config/Windows/Engine.ini]
[2019.05.01-23.50.50:993][  0]LogConfig: Applying CVar settings from Section [/Script/Engine.StreamingSettings] File [C:/Users/ALE/Documents/GAME_2nd/GAME LEVEL DESIGN 2/PROJECT 3/PROJECT_3/P3_ALE/Saved/Config/Windows/Engine.ini]
[2019.05.01-23.50.50:993][  0]LogConfig: Setting CVar [[s.MinBulkDataSizeForAsyncLoading:131072]]
[2019.05.01-23.50.50:993][  0]LogConfig: Setting CVar [[s.AsyncLoadingThreadEnabled:0]]
[2019.05.01-23.50.50:993][  0]LogConfig: Setting CVar [[s.EventDrivenLoaderEnabled:1]]
[2019.05.01-23.50.50:993][  0]LogConfig: Setting CVar [[s.WarnIfTimeLimitExceeded:0]]
[2019.05.01-23.50.50:993][  0]LogConfig: Setting CVar [[s.TimeLimitExceededMultiplier:1.5]]
[2019.05.01-23.50.50:993][  0]LogConfig: Setting CVar [[s.TimeLimitExceededMinTime:0.005]]
[2019.05.01-23.50.50:993][  0]LogConfig: Setting CVar [[s.UseBackgroundLevelStreaming:1]]
[2019.05.01-23.50.50:993][  0]LogConfig: Setting CVar [[s.PriorityAsyncLoadingExtraTime:15.0]]
[2019.05.01-23.50.50:994][  0]LogConfig: Setting CVar [[s.LevelStreamingActorsUpdateTimeLimit:5.0]]
[2019.05.01-23.50.50:994][  0]LogConfig: Setting CVar [[s.PriorityLevelStreamingActorsUpdateExtraTime:5.0]]
[2019.05.01-23.50.50:994][  0]LogConfig: Setting CVar [[s.LevelStreamingComponentsRegistrationGranularity:10]]
[2019.05.01-23.50.50:994][  0]LogConfig: Setting CVar [[s.UnregisterComponentsTimeLimit:1.0]]
[2019.05.01-23.50.50:994][  0]LogConfig: Setting CVar [[s.LevelStreamingComponentsUnregistrationGranularity:5]]
[2019.05.01-23.50.50:994][  0]LogConfig: Applying CVar settings from Section [/Script/Engine.GarbageCollectionSettings] File [C:/Users/ALE/Documents/GAME_2nd/GAME LEVEL DESIGN 2/PROJECT 3/PROJECT_3/P3_ALE/Saved/Config/Windows/Engine.ini]
[2019.05.01-23.50.50:994][  0]LogConfig: Setting CVar [[gc.MaxObjectsNotConsideredByGC:1]]
[2019.05.01-23.50.50:994][  0]LogConfig: Setting CVar [[gc.SizeOfPermanentObjectPool:0]]
[2019.05.01-23.50.50:994][  0]LogConfig: Setting CVar [[gc.FlushStreamingOnGC:0]]
[2019.05.01-23.50.50:994][  0]LogConfig: Setting CVar [[gc.NumRetriesBeforeForcingGC:10]]
[2019.05.01-23.50.50:994][  0]LogConfig: Setting CVar [[gc.AllowParallelGC:1]]
[2019.05.01-23.50.50:994][  0]LogConfig: Setting CVar [[gc.TimeBetweenPurgingPendingKillObjects:61.1]]
[2019.05.01-23.50.50:994][  0]LogConfig: Setting CVar [[gc.MaxObjectsInEditor:16777216]]
[2019.05.01-23.50.50:994][  0]LogConfig: Setting CVar [[gc.IncrementalBeginDestroyEnabled:1]]
[2019.05.01-23.50.50:994][  0]LogConfig: Setting CVar [[gc.CreateGCClusters:1]]
[2019.05.01-23.50.50:994][  0]LogConfig: Setting CVar [[gc.MinGCClusterSize:5]]
[2019.05.01-23.50.50:994][  0]LogConfig: Setting CVar [[gc.ActorClusteringEnabled:0]]
[2019.05.01-23.50.50:994][  0]LogConfig: Setting CVar [[gc.BlueprintClusteringEnabled:0]]
[2019.05.01-23.50.50:994][  0]LogConfig: Setting CVar [[gc.UseDisregardForGCOnDedicatedServers:0]]
[2019.05.01-23.50.50:994][  0]LogConfig: Applying CVar settings from Section [/Script/Engine.NetworkSettings] File [C:/Users/ALE/Documents/GAME_2nd/GAME LEVEL DESIGN 2/PROJECT 3/PROJECT_3/P3_ALE/Saved/Config/Windows/Engine.ini]
[2019.05.01-23.50.50:994][  0]LogConfig: Applying CVar settings from Section [/Script/UnrealEd.CookerSettings] File [C:/Users/ALE/Documents/GAME_2nd/GAME LEVEL DESIGN 2/PROJECT 3/PROJECT_3/P3_ALE/Saved/Config/Windows/Engine.ini]
[2019.05.01-23.50.51:000][  0]LogConfig: Applying CVar settings from Section [ViewDistanceQuality@3] File [C:/Users/ALE/Documents/GAME_2nd/GAME LEVEL DESIGN 2/PROJECT 3/PROJECT_3/P3_ALE/Saved/Config/Windows/Scalability.ini]
[2019.05.01-23.50.51:000][  0]LogConfig: Setting CVar [[r.SkeletalMeshLODBias:0]]
[2019.05.01-23.50.51:000][  0]LogConfig: Setting CVar [[r.ViewDistanceScale:1.0]]
[2019.05.01-23.50.51:000][  0]LogConfig: Applying CVar settings from Section [AntiAliasingQuality@3] File [C:/Users/ALE/Documents/GAME_2nd/GAME LEVEL DESIGN 2/PROJECT 3/PROJECT_3/P3_ALE/Saved/Config/Windows/Scalability.ini]
[2019.05.01-23.50.51:000][  0]LogConfig: Setting CVar [[r.PostProcessAAQuality:4]]
[2019.05.01-23.50.51:000][  0]LogConfig: Applying CVar settings from Section [ShadowQuality@3] File [C:/Users/ALE/Documents/GAME_2nd/GAME LEVEL DESIGN 2/PROJECT 3/PROJECT_3/P3_ALE/Saved/Config/Windows/Scalability.ini]
[2019.05.01-23.50.51:000][  0]LogConfig: Setting CVar [[r.LightFunctionQuality:1]]
[2019.05.01-23.50.51:000][  0]LogConfig: Setting CVar [[r.ShadowQuality:5]]
[2019.05.01-23.50.51:000][  0]LogConfig: Setting CVar [[r.Shadow.CSM.MaxCascades:10]]
[2019.05.01-23.50.51:000][  0]LogConfig: Setting CVar [[r.Shadow.MaxResolution:2048]]
[2019.05.01-23.50.51:000][  0]LogConfig: Setting CVar [[r.Shadow.MaxCSMResolution:2048]]
[2019.05.01-23.50.51:000][  0]LogConfig: Setting CVar [[r.Shadow.RadiusThreshold:0.01]]
[2019.05.01-23.50.51:000][  0]LogConfig: Setting CVar [[r.Shadow.DistanceScale:1.0]]
[2019.05.01-23.50.51:000][  0]LogConfig: Setting CVar [[r.Shadow.CSM.TransitionScale:1.0]]
[2019.05.01-23.50.51:001][  0]LogConfig: Setting CVar [[r.Shadow.PreShadowResolutionFactor:1.0]]
[2019.05.01-23.50.51:001][  0]LogConfig: Setting CVar [[r.DistanceFieldShadowing:1]]
[2019.05.01-23.50.51:001][  0]LogConfig: Setting CVar [[r.DistanceFieldAO:1]]
[2019.05.01-23.50.51:001][  0]LogConfig: Setting CVar [[r.AOQuality:2]]
[2019.05.01-23.50.51:001][  0]LogConfig: Setting CVar [[r.VolumetricFog:1]]
[2019.05.01-23.50.51:001][  0]LogConfig: Setting CVar [[r.VolumetricFog.GridPixelSize:8]]
[2019.05.01-23.50.51:001][  0]LogConfig: Setting CVar [[r.VolumetricFog.GridSizeZ:128]]
[2019.05.01-23.50.51:001][  0]LogConfig: Setting CVar [[r.VolumetricFog.HistoryMissSupersampleCount:4]]
[2019.05.01-23.50.51:001][  0]LogConfig: Setting CVar [[r.LightMaxDrawDistanceScale:1]]
[2019.05.01-23.50.51:001][  0]LogConfig: Setting CVar [[r.CapsuleShadows:1]]
[2019.05.01-23.50.51:001][  0]LogConfig: Applying CVar settings from Section [PostProcessQuality@3] File [C:/Users/ALE/Documents/GAME_2nd/GAME LEVEL DESIGN 2/PROJECT 3/PROJECT_3/P3_ALE/Saved/Config/Windows/Scalability.ini]
[2019.05.01-23.50.51:001][  0]LogConfig: Setting CVar [[r.MotionBlurQuality:4]]
[2019.05.01-23.50.51:001][  0]LogConfig: Setting CVar [[r.AmbientOcclusionMipLevelFactor:0.4]]
[2019.05.01-23.50.51:001][  0]LogConfig: Setting CVar [[r.AmbientOcclusionMaxQuality:100]]
[2019.05.01-23.50.51:001][  0]LogConfig: Setting CVar [[r.AmbientOcclusionLevels:-1]]
[2019.05.01-23.50.51:001][  0]LogConfig: Setting CVar [[r.AmbientOcclusionRadiusScale:1.0]]
[2019.05.01-23.50.51:001][  0]LogConfig: Setting CVar [[r.DepthOfFieldQuality:2]]
[2019.05.01-23.50.51:001][  0]LogConfig: Setting CVar [[r.RenderTargetPoolMin:400]]
[2019.05.01-23.50.51:001][  0]LogConfig: Setting CVar [[r.LensFlareQuality:2]]
[2019.05.01-23.50.51:001][  0]LogConfig: Setting CVar [[r.SceneColorFringeQuality:1]]
[2019.05.01-23.50.51:001][  0]LogConfig: Setting CVar [[r.EyeAdaptationQuality:2]]
[2019.05.01-23.50.51:001][  0]LogConfig: Setting CVar [[r.BloomQuality:5]]
[2019.05.01-23.50.51:001][  0]LogConfig: Setting CVar [[r.FastBlurThreshold:100]]
[2019.05.01-23.50.51:001][  0]LogConfig: Setting CVar [[r.Upscale.Quality:3]]
[2019.05.01-23.50.51:001][  0]LogConfig: Setting CVar [[r.Tonemapper.GrainQuantization:1]]
[2019.05.01-23.50.51:001][  0]LogConfig: Setting CVar [[r.LightShaftQuality:1]]
[2019.05.01-23.50.51:002][  0]LogConfig: Setting CVar [[r.Filter.SizeScale:1]]
[2019.05.01-23.50.51:002][  0]LogConfig: Setting CVar [[r.Tonemapper.Quality:5]]
[2019.05.01-23.50.51:002][  0]LogConfig: Setting CVar [[r.DOF.Gather.AccumulatorQuality:1        ; higher gathering accumulator quality]]
[2019.05.01-23.50.51:002][  0]LogConfig: Setting CVar [[r.DOF.Gather.PostfilterMethod:1          ; Median3x3 postfilering method]]
[2019.05.01-23.50.51:002][  0]LogConfig: Setting CVar [[r.DOF.Gather.EnableBokehSettings:0       ; no bokeh simulation when gathering]]
[2019.05.01-23.50.51:002][  0]LogConfig: Setting CVar [[r.DOF.Gather.RingCount:4                 ; medium number of samples when gathering]]
[2019.05.01-23.50.51:002][  0]LogConfig: Setting CVar [[r.DOF.Scatter.ForegroundCompositing:1    ; additive foreground scattering]]
[2019.05.01-23.50.51:002][  0]LogConfig: Setting CVar [[r.DOF.Scatter.BackgroundCompositing:2    ; additive background scattering]]
[2019.05.01-23.50.51:002][  0]LogConfig: Setting CVar [[r.DOF.Scatter.EnableBokehSettings:1      ; bokeh simulation when scattering]]
[2019.05.01-23.50.51:002][  0]LogConfig: Setting CVar [[r.DOF.Scatter.MaxSpriteRatio:0.1         ; only a maximum of 10% of scattered bokeh]]
[2019.05.01-23.50.51:002][  0]LogConfig: Setting CVar [[r.DOF.Recombine.Quality:1                ; cheap slight out of focus]]
[2019.05.01-23.50.51:002][  0]LogConfig: Setting CVar [[r.DOF.Recombine.EnableBokehSettings:0    ; no bokeh simulation on slight out of focus]]
[2019.05.01-23.50.51:002][  0]LogConfig: Setting CVar [[r.DOF.TemporalAAQuality:1                ; more stable temporal accumulation]]
[2019.05.01-23.50.51:002][  0]LogConfig: Setting CVar [[r.DOF.Kernel.MaxForegroundRadius:0.025]]
[2019.05.01-23.50.51:002][  0]LogConfig: Setting CVar [[r.DOF.Kernel.MaxBackgroundRadius:0.025]]
[2019.05.01-23.50.51:002][  0]LogConfig: Applying CVar settings from Section [TextureQuality@3] File [C:/Users/ALE/Documents/GAME_2nd/GAME LEVEL DESIGN 2/PROJECT 3/PROJECT_3/P3_ALE/Saved/Config/Windows/Scalability.ini]
[2019.05.01-23.50.51:002][  0]LogConfig: Setting CVar [[r.Streaming.MipBias:0]]
[2019.05.01-23.50.51:002][  0]LogConfig: Setting CVar [[r.Streaming.AmortizeCPUToGPUCopy:0]]
[2019.05.01-23.50.51:002][  0]LogConfig: Setting CVar [[r.Streaming.MaxNumTexturesToStreamPerFrame:0]]
[2019.05.01-23.50.51:002][  0]LogConfig: Setting CVar [[r.Streaming.Boost:1]]
[2019.05.01-23.50.51:002][  0]LogConfig: Setting CVar [[r.MaxAnisotropy:8]]
[2019.05.01-23.50.51:002][  0]LogConfig: Setting CVar [[r.Streaming.LimitPoolSizeToVRAM:0]]
[2019.05.01-23.50.51:002][  0]LogConfig: Setting CVar [[r.Streaming.PoolSize:1000]]
[2019.05.01-23.50.51:002][  0]LogConfig: Setting CVar [[r.Streaming.MaxEffectiveScreenSize:0]]
[2019.05.01-23.50.51:002][  0]LogConfig: Applying CVar settings from Section [EffectsQuality@3] File [C:/Users/ALE/Documents/GAME_2nd/GAME LEVEL DESIGN 2/PROJECT 3/PROJECT_3/P3_ALE/Saved/Config/Windows/Scalability.ini]
[2019.05.01-23.50.51:002][  0]LogConfig: Setting CVar [[r.TranslucencyLightingVolumeDim:64]]
[2019.05.01-23.50.51:002][  0]LogConfig: Setting CVar [[r.RefractionQuality:2]]
[2019.05.01-23.50.51:002][  0]LogConfig: Setting CVar [[r.SSR.Quality:3]]
[2019.05.01-23.50.51:002][  0]LogConfig: Setting CVar [[r.SceneColorFormat:4]]
[2019.05.01-23.50.51:003][  0]LogConfig: Setting CVar [[r.DetailMode:2]]
[2019.05.01-23.50.51:003][  0]LogConfig: Setting CVar [[r.TranslucencyVolumeBlur:1]]
[2019.05.01-23.50.51:003][  0]LogConfig: Setting CVar [[r.MaterialQualityLevel:1 ; High quality]]
[2019.05.01-23.50.51:003][  0]LogConfig: Setting CVar [[r.SSS.Scale:1]]
[2019.05.01-23.50.51:003][  0]LogConfig: Setting CVar [[r.SSS.SampleSet:2]]
[2019.05.01-23.50.51:003][  0]LogConfig: Setting CVar [[r.SSS.Quality:1]]
[2019.05.01-23.50.51:003][  0]LogConfig: Setting CVar [[r.SSS.HalfRes:1]]
[2019.05.01-23.50.51:003][  0]LogConfig: Setting CVar [[r.EmitterSpawnRateScale:1.0]]
[2019.05.01-23.50.51:003][  0]LogConfig: Setting CVar [[r.ParticleLightQuality:2]]
[2019.05.01-23.50.51:003][  0]LogConfig: Applying CVar settings from Section [FoliageQuality@3] File [C:/Users/ALE/Documents/GAME_2nd/GAME LEVEL DESIGN 2/PROJECT 3/PROJECT_3/P3_ALE/Saved/Config/Windows/Scalability.ini]
[2019.05.01-23.50.51:003][  0]LogConfig: Setting CVar [[foliage.DensityScale:1.0]]
[2019.05.01-23.50.51:003][  0]LogConfig: Setting CVar [[grass.DensityScale:1.0]]
[2019.05.01-23.50.51:003][  0]LogInit: Selected Device Profile: [Windows]
[2019.05.01-23.50.51:003][  0]LogInit: Applying CVar settings loaded from the selected device profile: [Windows]
[2019.05.01-23.50.51:385][  0]LogHAL: Display: Platform has ~ 12 GB [12764549120 / 17179869184 / 12], which maps to Larger [LargestMinGB=32, LargerMinGB=12, DefaultMinGB=8, SmallerMinGB=6, SmallestMinGB=0)
[2019.05.01-23.50.51:386][  0]LogConfig: Setting CVar [[r.Vulkan.UseRealUBs:0		; Required until we fix HLR fall-out]]
[2019.05.01-23.50.51:386][  0]LogInit: Going up to parent DeviceProfile []
[2019.05.01-23.50.51:386][  0]LogConfig: Applying CVar settings from Section [ViewDistanceQuality@3] File [C:/Users/ALE/Documents/GAME_2nd/GAME LEVEL DESIGN 2/PROJECT 3/PROJECT_3/P3_ALE/Saved/Config/Windows/Scalability.ini]
[2019.05.01-23.50.51:386][  0]LogConfig: Setting CVar [[r.SkeletalMeshLODBias:0]]
[2019.05.01-23.50.51:386][  0]LogConfig: Setting CVar [[r.ViewDistanceScale:1.0]]
[2019.05.01-23.50.51:386][  0]LogConfig: Applying CVar settings from Section [AntiAliasingQuality@3] File [C:/Users/ALE/Documents/GAME_2nd/GAME LEVEL DESIGN 2/PROJECT 3/PROJECT_3/P3_ALE/Saved/Config/Windows/Scalability.ini]
[2019.05.01-23.50.51:386][  0]LogConfig: Setting CVar [[r.PostProcessAAQuality:4]]
[2019.05.01-23.50.51:386][  0]LogConfig: Applying CVar settings from Section [ShadowQuality@3] File [C:/Users/ALE/Documents/GAME_2nd/GAME LEVEL DESIGN 2/PROJECT 3/PROJECT_3/P3_ALE/Saved/Config/Windows/Scalability.ini]
[2019.05.01-23.50.51:386][  0]LogConfig: Setting CVar [[r.LightFunctionQuality:1]]
[2019.05.01-23.50.51:386][  0]LogConfig: Setting CVar [[r.ShadowQuality:5]]
[2019.05.01-23.50.51:386][  0]LogConfig: Setting CVar [[r.Shadow.CSM.MaxCascades:10]]
[2019.05.01-23.50.51:386][  0]LogConfig: Setting CVar [[r.Shadow.MaxResolution:2048]]
[2019.05.01-23.50.51:386][  0]LogConfig: Setting CVar [[r.Shadow.MaxCSMResolution:2048]]
[2019.05.01-23.50.51:386][  0]LogConfig: Setting CVar [[r.Shadow.RadiusThreshold:0.01]]
[2019.05.01-23.50.51:386][  0]LogConfig: Setting CVar [[r.Shadow.DistanceScale:1.0]]
[2019.05.01-23.50.51:387][  0]LogConfig: Setting CVar [[r.Shadow.CSM.TransitionScale:1.0]]
[2019.05.01-23.50.51:387][  0]LogConfig: Setting CVar [[r.Shadow.PreShadowResolutionFactor:1.0]]
[2019.05.01-23.50.51:387][  0]LogConfig: Setting CVar [[r.DistanceFieldShadowing:1]]
[2019.05.01-23.50.51:387][  0]LogConfig: Setting CVar [[r.DistanceFieldAO:1]]
[2019.05.01-23.50.51:387][  0]LogConfig: Setting CVar [[r.AOQuality:2]]
[2019.05.01-23.50.51:387][  0]LogConfig: Setting CVar [[r.VolumetricFog:1]]
[2019.05.01-23.50.51:387][  0]LogConfig: Setting CVar [[r.VolumetricFog.GridPixelSize:8]]
[2019.05.01-23.50.51:387][  0]LogConfig: Setting CVar [[r.VolumetricFog.GridSizeZ:128]]
[2019.05.01-23.50.51:387][  0]LogConfig: Setting CVar [[r.VolumetricFog.HistoryMissSupersampleCount:4]]
[2019.05.01-23.50.51:387][  0]LogConfig: Setting CVar [[r.LightMaxDrawDistanceScale:1]]
[2019.05.01-23.50.51:387][  0]LogConfig: Setting CVar [[r.CapsuleShadows:1]]
[2019.05.01-23.50.51:387][  0]LogConfig: Applying CVar settings from Section [PostProcessQuality@3] File [C:/Users/ALE/Documents/GAME_2nd/GAME LEVEL DESIGN 2/PROJECT 3/PROJECT_3/P3_ALE/Saved/Config/Windows/Scalability.ini]
[2019.05.01-23.50.51:387][  0]LogConfig: Setting CVar [[r.MotionBlurQuality:4]]
[2019.05.01-23.50.51:387][  0]LogConfig: Setting CVar [[r.AmbientOcclusionMipLevelFactor:0.4]]
[2019.05.01-23.50.51:387][  0]LogConfig: Setting CVar [[r.AmbientOcclusionMaxQuality:100]]
[2019.05.01-23.50.51:387][  0]LogConfig: Setting CVar [[r.AmbientOcclusionLevels:-1]]
[2019.05.01-23.50.51:387][  0]LogConfig: Setting CVar [[r.AmbientOcclusionRadiusScale:1.0]]
[2019.05.01-23.50.51:388][  0]LogConfig: Setting CVar [[r.DepthOfFieldQuality:2]]
[2019.05.01-23.50.51:388][  0]LogConfig: Setting CVar [[r.RenderTargetPoolMin:400]]
[2019.05.01-23.50.51:388][  0]LogConfig: Setting CVar [[r.LensFlareQuality:2]]
[2019.05.01-23.50.51:388][  0]LogConfig: Setting CVar [[r.SceneColorFringeQuality:1]]
[2019.05.01-23.50.51:388][  0]LogConfig: Setting CVar [[r.EyeAdaptationQuality:2]]
[2019.05.01-23.50.51:388][  0]LogConfig: Setting CVar [[r.BloomQuality:5]]
[2019.05.01-23.50.51:388][  0]LogConfig: Setting CVar [[r.FastBlurThreshold:100]]
[2019.05.01-23.50.51:388][  0]LogConfig: Setting CVar [[r.Upscale.Quality:3]]
[2019.05.01-23.50.51:388][  0]LogConfig: Setting CVar [[r.Tonemapper.GrainQuantization:1]]
[2019.05.01-23.50.51:388][  0]LogConfig: Setting CVar [[r.LightShaftQuality:1]]
[2019.05.01-23.50.51:388][  0]LogConfig: Setting CVar [[r.Filter.SizeScale:1]]
[2019.05.01-23.50.51:388][  0]LogConfig: Setting CVar [[r.Tonemapper.Quality:5]]
[2019.05.01-23.50.51:388][  0]LogConfig: Setting CVar [[r.DOF.Gather.AccumulatorQuality:1        ; higher gathering accumulator quality]]
[2019.05.01-23.50.51:388][  0]LogConfig: Setting CVar [[r.DOF.Gather.PostfilterMethod:1          ; Median3x3 postfilering method]]
[2019.05.01-23.50.51:388][  0]LogConfig: Setting CVar [[r.DOF.Gather.EnableBokehSettings:0       ; no bokeh simulation when gathering]]
[2019.05.01-23.50.51:388][  0]LogConfig: Setting CVar [[r.DOF.Gather.RingCount:4                 ; medium number of samples when gathering]]
[2019.05.01-23.50.51:388][  0]LogConfig: Setting CVar [[r.DOF.Scatter.ForegroundCompositing:1    ; additive foreground scattering]]
[2019.05.01-23.50.51:388][  0]LogConfig: Setting CVar [[r.DOF.Scatter.BackgroundCompositing:2    ; additive background scattering]]
[2019.05.01-23.50.51:388][  0]LogConfig: Setting CVar [[r.DOF.Scatter.EnableBokehSettings:1      ; bokeh simulation when scattering]]
[2019.05.01-23.50.51:389][  0]LogConfig: Setting CVar [[r.DOF.Scatter.MaxSpriteRatio:0.1         ; only a maximum of 10% of scattered bokeh]]
[2019.05.01-23.50.51:389][  0]LogConfig: Setting CVar [[r.DOF.Recombine.Quality:1                ; cheap slight out of focus]]
[2019.05.01-23.50.51:389][  0]LogConfig: Setting CVar [[r.DOF.Recombine.EnableBokehSettings:0    ; no bokeh simulation on slight out of focus]]
[2019.05.01-23.50.51:389][  0]LogConfig: Setting CVar [[r.DOF.TemporalAAQuality:1                ; more stable temporal accumulation]]
[2019.05.01-23.50.51:389][  0]LogConfig: Setting CVar [[r.DOF.Kernel.MaxForegroundRadius:0.025]]
[2019.05.01-23.50.51:389][  0]LogConfig: Setting CVar [[r.DOF.Kernel.MaxBackgroundRadius:0.025]]
[2019.05.01-23.50.51:389][  0]LogConfig: Applying CVar settings from Section [TextureQuality@3] File [C:/Users/ALE/Documents/GAME_2nd/GAME LEVEL DESIGN 2/PROJECT 3/PROJECT_3/P3_ALE/Saved/Config/Windows/Scalability.ini]
[2019.05.01-23.50.51:389][  0]LogConfig: Setting CVar [[r.Streaming.MipBias:0]]
[2019.05.01-23.50.51:389][  0]LogConfig: Setting CVar [[r.Streaming.AmortizeCPUToGPUCopy:0]]
[2019.05.01-23.50.51:389][  0]LogConfig: Setting CVar [[r.Streaming.MaxNumTexturesToStreamPerFrame:0]]
[2019.05.01-23.50.51:389][  0]LogConfig: Setting CVar [[r.Streaming.Boost:1]]
[2019.05.01-23.50.51:389][  0]LogConfig: Setting CVar [[r.MaxAnisotropy:8]]
[2019.05.01-23.50.51:389][  0]LogConfig: Setting CVar [[r.Streaming.LimitPoolSizeToVRAM:0]]
[2019.05.01-23.50.51:389][  0]LogConfig: Setting CVar [[r.Streaming.PoolSize:1000]]
[2019.05.01-23.50.51:389][  0]LogConfig: Setting CVar [[r.Streaming.MaxEffectiveScreenSize:0]]
[2019.05.01-23.50.51:389][  0]LogConfig: Applying CVar settings from Section [EffectsQuality@3] File [C:/Users/ALE/Documents/GAME_2nd/GAME LEVEL DESIGN 2/PROJECT 3/PROJECT_3/P3_ALE/Saved/Config/Windows/Scalability.ini]
[2019.05.01-23.50.51:389][  0]LogConfig: Setting CVar [[r.TranslucencyLightingVolumeDim:64]]
[2019.05.01-23.50.51:389][  0]LogConfig: Setting CVar [[r.RefractionQuality:2]]
[2019.05.01-23.50.51:390][  0]LogConfig: Setting CVar [[r.SSR.Quality:3]]
[2019.05.01-23.50.51:390][  0]LogConfig: Setting CVar [[r.SceneColorFormat:4]]
[2019.05.01-23.50.51:390][  0]LogConfig: Setting CVar [[r.DetailMode:2]]
[2019.05.01-23.50.51:390][  0]LogConfig: Setting CVar [[r.TranslucencyVolumeBlur:1]]
[2019.05.01-23.50.51:390][  0]LogConfig: Setting CVar [[r.MaterialQualityLevel:1 ; High quality]]
[2019.05.01-23.50.51:390][  0]LogConfig: Setting CVar [[r.SSS.Scale:1]]
[2019.05.01-23.50.51:390][  0]LogConfig: Setting CVar [[r.SSS.SampleSet:2]]
[2019.05.01-23.50.51:390][  0]LogConfig: Setting CVar [[r.SSS.Quality:1]]
[2019.05.01-23.50.51:390][  0]LogConfig: Setting CVar [[r.SSS.HalfRes:1]]
[2019.05.01-23.50.51:390][  0]LogConfig: Setting CVar [[r.EmitterSpawnRateScale:1.0]]
[2019.05.01-23.50.51:390][  0]LogConfig: Setting CVar [[r.ParticleLightQuality:2]]
[2019.05.01-23.50.51:390][  0]LogConfig: Applying CVar settings from Section [FoliageQuality@3] File [C:/Users/ALE/Documents/GAME_2nd/GAME LEVEL DESIGN 2/PROJECT 3/PROJECT_3/P3_ALE/Saved/Config/Windows/Scalability.ini]
[2019.05.01-23.50.51:390][  0]LogConfig: Setting CVar [[foliage.DensityScale:1.0]]
[2019.05.01-23.50.51:390][  0]LogConfig: Setting CVar [[grass.DensityScale:1.0]]
[2019.05.01-23.50.51:390][  0]LogConfig: Applying CVar settings from Section [Startup] File [../../../Engine/Config/ConsoleVariables.ini]
[2019.05.01-23.50.51:459][  0]LogConfig: Setting CVar [[net.UseAdaptiveNetUpdateFrequency:0]]
[2019.05.01-23.50.51:460][  0]LogConfig: Setting CVar [[p.chaos.AllowCreatePhysxBodies:1]]
[2019.05.01-23.50.51:460][  0]LogConfig: Applying CVar settings from Section [ConsoleVariables] File [C:/Users/ALE/Documents/GAME_2nd/GAME LEVEL DESIGN 2/PROJECT 3/PROJECT_3/P3_ALE/Saved/Config/Windows/Engine.ini]
[2019.05.01-23.50.51:460][  0]LogInit: Computer: ALE-CP
[2019.05.01-23.50.51:460][  0]LogInit: User: ALE
[2019.05.01-23.50.51:460][  0]LogInit: CPU Page size=4096, Cores=2
[2019.05.01-23.50.51:460][  0]LogInit: High frequency timer resolution =2.648443 MHz
[2019.05.01-23.50.51:462][  0]LogMemory: Memory total: Physical=11.9GB (12GB approx)
[2019.05.01-23.50.51:462][  0]LogMemory: Platform Memory Stats for Windows
[2019.05.01-23.50.51:462][  0]LogMemory: Process Physical Memory: 96.11 MB used, 96.11 MB peak
[2019.05.01-23.50.51:462][  0]LogMemory: Process Virtual Memory: 83.71 MB used, 83.71 MB peak
[2019.05.01-23.50.51:462][  0]LogMemory: Physical Memory: 6084.37 MB used,  6088.85 MB free, 12173.22 MB total
[2019.05.01-23.50.51:462][  0]LogMemory: Virtual Memory: 4637.78 MB used,  134213088.00 MB free, 134217728.00 MB total
[2019.05.01-23.50.51:641][  0]LogInit: Using OS detected language (en-US).
[2019.05.01-23.50.51:641][  0]LogInit: Using OS detected locale (en-US).
[2019.05.01-23.50.51:647][  0]LogTextLocalizationManager: No specific localization for 'en-US' exists, so the 'en' localization will be used.
[2019.05.01-23.50.52:169][  0]LogInit: Setting process to per monitor DPI aware
[2019.05.01-23.50.52:206][  0]LogSlate: New Slate User Created.  User Index 0, Is Virtual User: 0
[2019.05.01-23.50.52:206][  0]LogSlate: Slate User Registered.  User Index 0, Is Virtual User: 0
[2019.05.01-23.51.06:287][  0]LogHMD: Failed to initialize OpenVR with code 110
[2019.05.01-23.51.06:287][  0]LogD3D11RHI: D3D11 adapters:
[2019.05.01-23.51.06:621][  0]LogD3D11RHI:    0. 'Intel(R) HD Graphics 620' (Feature Level 11_0)
[2019.05.01-23.51.06:621][  0]LogD3D11RHI:       128/0/6086 MB DedicatedVideo/DedicatedSystem/SharedSystem, Outputs:1, VendorId:0x8086
[2019.05.01-23.51.06:623][  0]LogD3D11RHI:    1. 'Microsoft Basic Render Driver' (Feature Level 11_0)
[2019.05.01-23.51.06:623][  0]LogD3D11RHI:       0/0/6086 MB DedicatedVideo/DedicatedSystem/SharedSystem, Outputs:0, VendorId:0x1414
[2019.05.01-23.51.06:623][  0]LogD3D11RHI: Chosen D3D11 Adapter: 0
[2019.05.01-23.51.06:633][  0]LogD3D11RHI: Creating new Direct3DDevice
[2019.05.01-23.51.06:633][  0]LogD3D11RHI:     GPU DeviceId: 0x5916 (for the marketing name, search the web for "GPU Device Id")
[2019.05.01-23.51.06:633][  0]LogWindows: EnumDisplayDevices:
[2019.05.01-23.51.06:633][  0]LogWindows:    0. 'Intel(R) HD Graphics 620' (P:1 D:1)
[2019.05.01-23.51.06:633][  0]LogWindows:    1. 'Intel(R) HD Graphics 620' (P:0 D:0)
[2019.05.01-23.51.06:634][  0]LogWindows:    2. 'Intel(R) HD Graphics 620' (P:0 D:0)
[2019.05.01-23.51.06:634][  0]LogWindows: DebugString: FoundDriverCount:3 
[2019.05.01-23.51.06:634][  0]LogD3D11RHI:     Adapter Name: Intel(R) HD Graphics 620
[2019.05.01-23.51.06:634][  0]LogD3D11RHI:   Driver Version: 23.20.16.4973 (internal:23.20.16.4973, unified:23.20.16.4973)
[2019.05.01-23.51.06:634][  0]LogD3D11RHI:      Driver Date: 2-28-2018
[2019.05.01-23.51.06:634][  0]LogRHI: Texture pool is 1523 MB (70% of 2176 MB)
[2019.05.01-23.51.06:786][  0]LogD3D11RHI: Async texture creation enabled
[2019.05.01-23.51.06:792][  0]LogRendererCore: FGlobalReadBuffer::InitRHI
[2019.05.01-23.51.06:792][  0]LogRendererCore: FGlobalReadBuffer::InitRHI
[2019.05.01-23.51.06:792][  0]LogRendererCore: FGlobalReadBuffer::InitRHI
[2019.05.01-23.51.06:796][  0]LogD3D11RHI: GPU Timing Frequency: 12.000048 (Debug: 2 0)
[2019.05.01-23.51.08:760][  0]LogTemp: Display: Module 'AllDesktopTargetPlatform' loaded TargetPlatform 'AllDesktop'
[2019.05.01-23.51.08:796][  0]LogTemp: Display: Module 'MacClientTargetPlatform' loaded TargetPlatform 'MacClient'
[2019.05.01-23.51.08:857][  0]LogTemp: Display: Module 'MacNoEditorTargetPlatform' loaded TargetPlatform 'MacNoEditor'
[2019.05.01-23.51.08:890][  0]LogTemp: Display: Module 'MacServerTargetPlatform' loaded TargetPlatform 'MacServer'
[2019.05.01-23.51.08:941][  0]LogTemp: Display: Module 'MacTargetPlatform' loaded TargetPlatform 'Mac'
[2019.05.01-23.51.08:967][  0]LogTemp: Display: Module 'WindowsClientTargetPlatform' loaded TargetPlatform 'WindowsClient'
[2019.05.01-23.51.08:995][  0]LogTemp: Display: Module 'WindowsNoEditorTargetPlatform' loaded TargetPlatform 'WindowsNoEditor'
[2019.05.01-23.51.09:022][  0]LogTemp: Display: Module 'WindowsServerTargetPlatform' loaded TargetPlatform 'WindowsServer'
[2019.05.01-23.51.09:033][  0]LogTemp: Display: Module 'WindowsTargetPlatform' loaded TargetPlatform 'Windows'
[2019.05.01-23.51.09:270][  0]LogTemp: Display: Module 'AndroidTargetPlatform' loaded TargetPlatform 'Android'
[2019.05.01-23.51.09:270][  0]LogTemp: Display: Module 'AndroidTargetPlatform' loaded TargetPlatform 'Android_ASTC'
[2019.05.01-23.51.09:270][  0]LogTemp: Display: Module 'AndroidTargetPlatform' loaded TargetPlatform 'Android_ATC'
[2019.05.01-23.51.09:270][  0]LogTemp: Display: Module 'AndroidTargetPlatform' loaded TargetPlatform 'Android_DXT'
[2019.05.01-23.51.09:270][  0]LogTemp: Display: Module 'AndroidTargetPlatform' loaded TargetPlatform 'Android_ETC1'
[2019.05.01-23.51.09:270][  0]LogTemp: Display: Module 'AndroidTargetPlatform' loaded TargetPlatform 'Android_ETC1a'
[2019.05.01-23.51.09:270][  0]LogTemp: Display: Module 'AndroidTargetPlatform' loaded TargetPlatform 'Android_ETC2'
[2019.05.01-23.51.09:270][  0]LogTemp: Display: Module 'AndroidTargetPlatform' loaded TargetPlatform 'Android_PVRTC'
[2019.05.01-23.51.09:270][  0]LogTemp: Display: Module 'AndroidTargetPlatform' loaded TargetPlatform 'AndroidClient'
[2019.05.01-23.51.09:270][  0]LogTemp: Display: Module 'AndroidTargetPlatform' loaded TargetPlatform 'Android_ASTCClient'
[2019.05.01-23.51.09:270][  0]LogTemp: Display: Module 'AndroidTargetPlatform' loaded TargetPlatform 'Android_ATCClient'
[2019.05.01-23.51.09:271][  0]LogTemp: Display: Module 'AndroidTargetPlatform' loaded TargetPlatform 'Android_DXTClient'
[2019.05.01-23.51.09:271][  0]LogTemp: Display: Module 'AndroidTargetPlatform' loaded TargetPlatform 'Android_ETC1Client'
[2019.05.01-23.51.09:271][  0]LogTemp: Display: Module 'AndroidTargetPlatform' loaded TargetPlatform 'Android_ETC1aClient'
[2019.05.01-23.51.09:271][  0]LogTemp: Display: Module 'AndroidTargetPlatform' loaded TargetPlatform 'Android_ETC2Client'
[2019.05.01-23.51.09:271][  0]LogTemp: Display: Module 'AndroidTargetPlatform' loaded TargetPlatform 'Android_PVRTCClient'
[2019.05.01-23.51.09:271][  0]LogTemp: Display: Module 'AndroidTargetPlatform' loaded TargetPlatform 'Android_Multi'
[2019.05.01-23.51.09:271][  0]LogTemp: Display: Module 'AndroidTargetPlatform' loaded TargetPlatform 'Android_MultiClient'
[2019.05.01-23.51.09:274][  0]LogTemp: Display: Module 'HTML5TargetPlatform' loaded TargetPlatform 'HTML5'
[2019.05.01-23.51.10:415][  0]LogTemp: Display: Module 'IOSTargetPlatform' loaded TargetPlatform 'IOSClient'
[2019.05.01-23.51.10:415][  0]LogTemp: Display: Module 'IOSTargetPlatform' loaded TargetPlatform 'IOS'
[2019.05.01-23.51.10:572][  0]LogTemp: Display: Module 'TVOSTargetPlatform' loaded TargetPlatform 'TVOSClient'
[2019.05.01-23.51.10:573][  0]LogTemp: Display: Module 'TVOSTargetPlatform' loaded TargetPlatform 'TVOS'
[2019.05.01-23.51.10:604][  0]LogTemp: Display: Module 'LinuxClientTargetPlatform' loaded TargetPlatform 'LinuxClient'
[2019.05.01-23.51.10:621][  0]LogTemp: Display: Module 'LinuxNoEditorTargetPlatform' loaded TargetPlatform 'LinuxNoEditor'
[2019.05.01-23.51.10:638][  0]LogTemp: Display: Module 'LinuxServerTargetPlatform' loaded TargetPlatform 'LinuxServer'
[2019.05.01-23.51.10:679][  0]LogTemp: Display: Module 'LinuxTargetPlatform' loaded TargetPlatform 'Linux'
[2019.05.01-23.51.10:790][  0]LogTemp: Display: Module 'LuminTargetPlatform' loaded TargetPlatform 'Lumin'
[2019.05.01-23.51.10:790][  0]LogTemp: Display: Module 'LuminTargetPlatform' loaded TargetPlatform 'LuminClient'
[2019.05.01-23.51.10:790][  0]LogTargetPlatformManager: Display: Building Assets For Windows
[2019.05.01-23.51.10:812][  0]LogAudioDebug: Display: Lib vorbis DLL was dynamically loaded.
[2019.05.01-23.51.10:898][  0]LogShaderCompilers: Guid format shader working directory is -49 characters bigger than the processId version (../../../../../../Users/ALE/Documents/GAME_2nd/GAME LEVEL DESIGN 2/PROJECT 3/PROJECT_3/P3_ALE/Intermediate/Shaders/WorkingDirectory/8656/).
[2019.05.01-23.51.10:899][  0]LogShaderCompilers: Cleaned the shader compiler working directory 'C:/Users/ALE/AppData/Local/Temp/UnrealShaderWorkingDir/EECA72734D308EC5D2832494A44D9DFC/'.
[2019.05.01-23.51.10:904][  0]LogXGEController: Cleaning working directory: C:/Users/ALE/AppData/Local/Temp/UnrealXGEWorkingDir/
[2019.05.01-23.51.10:904][  0]LogXGEController: Cannot use XGE Controller as Incredibuild is not installed on this machine.
[2019.05.01-23.51.10:904][  0]LogShaderCompilers: Cannot use XGE Shader Compiler as Incredibuild is not installed on this machine.
[2019.05.01-23.51.10:904][  0]LogShaderCompilers: Display: Using Local Shader Compiler.
[2019.05.01-23.51.15:373][  0]LogDerivedDataCache: Display: Max Cache Size: 512 MB
[2019.05.01-23.51.16:422][  0]LogDerivedDataCache: Loaded boot cache 1.05s 71MB C:/Users/ALE/AppData/Local/UnrealEngine/4.22/DerivedDataCache/Boot.ddc.
[2019.05.01-23.51.16:422][  0]LogDerivedDataCache: Display: Loaded Boot cache: C:/Users/ALE/AppData/Local/UnrealEngine/4.22/DerivedDataCache/Boot.ddc
[2019.05.01-23.51.16:422][  0]LogDerivedDataCache: FDerivedDataBackendGraph:  Pak pak cache file ../../../../../../Users/ALE/Documents/GAME_2nd/GAME LEVEL DESIGN 2/PROJECT 3/PROJECT_3/P3_ALE/DerivedDataCache/DDC.ddp not found, will not use a pak cache.
[2019.05.01-23.51.16:422][  0]LogDerivedDataCache: Unable to find inner node Pak for hierarchical cache Hierarchy.
[2019.05.01-23.51.16:422][  0]LogDerivedDataCache: FDerivedDataBackendGraph:  CompressedPak pak cache file ../../../../../../Users/ALE/Documents/GAME_2nd/GAME LEVEL DESIGN 2/PROJECT 3/PROJECT_3/P3_ALE/DerivedDataCache/Compressed.ddp not found, will not use a pak cache.
[2019.05.01-23.51.16:422][  0]LogDerivedDataCache: Unable to find inner node CompressedPak for hierarchical cache Hierarchy.
[2019.05.01-23.51.16:447][  0]LogDerivedDataCache: Display: Pak cache opened for reading ../../../Engine/DerivedDataCache/Compressed.ddp.
[2019.05.01-23.51.16:447][  0]LogDerivedDataCache: FDerivedDataBackendGraph:  EnterprisePak pak cache file ../../../Enterprise/DerivedDataCache/Compressed.ddp not found, will not use a pak cache.
[2019.05.01-23.51.16:447][  0]LogDerivedDataCache: Unable to find inner node EnterprisePak for hierarchical cache Hierarchy.
[2019.05.01-23.51.16:460][  0]LogDerivedDataCache: Using Local data cache path C:/Users/ALE/AppData/Local/UnrealEngine/Common/DerivedDataCache: Writable
[2019.05.01-23.51.16:460][  0]LogDerivedDataCache: Shared data cache path not found in *engine.ini, will not use an Shared cache.
[2019.05.01-23.51.16:460][  0]LogDerivedDataCache: Unable to find inner node Shared for hierarchical cache Hierarchy.
[2019.05.01-23.51.16:576][  0]LogMaterial: Verifying Global Shaders for PCD3D_SM5
[2019.05.01-23.51.16:580][  0]LogSlate: Using FreeType 2.6.0
[2019.05.01-23.51.16:582][  0]LogSlate: SlateFontServices - WITH_FREETYPE: 1, WITH_HARFBUZZ: 1
[2019.05.01-23.51.17:398][  0]LogAssetRegistry: FAssetRegistry took 0.0849 seconds to start up
[2019.05.01-23.51.18:076][  0]LogInit: Selected Device Profile: [Windows]
[2019.05.01-23.51.18:293][  0]LogMeshReduction: Using QuadricMeshReduction for automatic static mesh reduction
[2019.05.01-23.51.18:293][  0]LogMeshReduction: Using SimplygonMeshReduction for automatic skeletal mesh reduction
[2019.05.01-23.51.18:293][  0]LogMeshReduction: Using ProxyLODMeshReduction for automatic mesh merging
[2019.05.01-23.51.18:293][  0]LogMeshReduction: No distributed automatic mesh merging module available
[2019.05.01-23.51.18:293][  0]LogMeshMerging: No distributed automatic mesh merging module available
[2019.05.01-23.51.18:312][  0]LogNetVersion: P3_ALE 1.0.0, NetCL: 5660361, EngineNetVer: 10, GameNetVer: 0 (Checksum: 1827317815)
[2019.05.01-23.51.19:004][  0]LogPackageLocalizationCache: Processed 10 localized package path(s) for 1 prioritized culture(s) in 0.077940 seconds
[2019.05.01-23.51.19:014][  0]LogUObjectArray: 42205 objects as part of root set at end of initial load.
[2019.05.01-23.51.19:014][  0]LogUObjectAllocator: 7325032 out of 0 bytes used by permanent object pool.
[2019.05.01-23.51.19:014][  0]LogUObjectArray: CloseDisregardForGC: 0/0 objects in disregard for GC pool
[2019.05.01-23.51.48:365][  0]LogTcpMessaging: Initializing TcpMessaging bridge
[2019.05.01-23.51.48:381][  0]LogUdpMessaging: Initializing bridge on interface 0.0.0.0:0 to multicast group 230.0.0.1:6666.
[2019.05.01-23.51.48:521][  0]SourceControl: Source control is disabled
[2019.05.01-23.51.48:521][  0]SourceControl: Source control is disabled
[2019.05.01-23.51.48:524][  0]SourceControl: Source control is disabled
[2019.05.01-23.51.48:527][  0]SourceControl: Source control is disabled
[2019.05.01-23.51.48:713][  0]LogAndroidPermission: UAndroidPermissionCallbackProxy::GetInstance
[2019.05.01-23.51.48:810][  0]LogOcInput: OculusInput pre-init called
[2019.05.01-23.51.50:209][  0]LogEngine: Initializing Engine...
[2019.05.01-23.51.50:211][  0]LogHMD: Failed to initialize OpenVR with code 110
[2019.05.01-23.51.50:213][  0]LogStats: UGameplayTagsManager::InitializeManager -  0.000 s
[2019.05.01-23.51.50:521][  0]LogInit: Initializing FReadOnlyCVARCache
[2019.05.01-23.51.50:549][  0]LogAIModule: Creating AISystem for world Untitled
[2019.05.01-23.51.50:559][  0]LogInit: XAudio2 using 'Speaker/Headphone (Realtek High Definition Audio)' : 2 channels at 48 kHz using 32 bits per sample (channel mask 0x3)
[2019.05.01-23.51.50:587][  0]LogInit: FAudioDevice initialized.
[2019.05.01-23.51.50:587][  0]LogNetVersion: Set ProjectVersion to 1.0.0.0. Version Checksum will be recalculated on next use.
[2019.05.01-23.51.50:742][  0]LogDerivedDataCache: Saved boot cache 0.15s 71MB C:/Users/ALE/AppData/Local/UnrealEngine/4.22/DerivedDataCache/Boot.ddc.
[2019.05.01-23.51.50:748][  0]LogInit: Texture streaming: Enabled
[2019.05.01-23.51.50:781][  0]LogEngineSessionManager: EngineSessionManager initialized
[2019.05.01-23.51.50:823][  0]LogEngineSessionManager: EngineSessionManager sent abnormal shutdown report. Type=Crashed, SessionId={312747FF-484C-7B3E-D3C3-5185930D65F8}
[2019.05.01-23.51.50:866][  0]LogInit: Transaction tracking system initialized
[2019.05.01-23.51.50:923][  0]BlueprintLog: New page: Editor Load
[2019.05.01-23.51.51:063][  0]LocalizationService: Localization service is disabled
[2019.05.01-23.51.51:729][  0]LogFileCache: Scanning file cache for directory 'C:/Users/ALE/Documents/GAME_2nd/GAME LEVEL DESIGN 2/PROJECT 3/PROJECT_3/P3_ALE/Content/' took 0.04s
[2019.05.01-23.51.51:729][  0]LogCook: Display: Max memory allowance for cook 16384mb min free memory 0mb
[2019.05.01-23.51.51:729][  0]LogCook: Display: Mobile HDR setting 1
[2019.05.01-23.51.52:888][  0]SourceControl: Source control is disabled
[2019.05.01-23.51.53:166][  0]LogWindowsTextInputMethodSystem: Display: IME system now deactivated.
[2019.05.01-23.51.53:169][  0]LogSlate: Took 0.000378 seconds to synchronously load lazily loaded font '../../../Engine/Content/Slate/Fonts/Roboto-Regular.ttf' (155K)
[2019.05.01-23.51.59:811][  0]LogSlate: Window 'Restore Packages' being destroyed
[2019.05.01-23.51.59:811][  0]LogWindowsTextInputMethodSystem: Display: IME system now deactivated.
[2019.05.01-23.51.59:813][  0]LogWindowsTextInputMethodSystem: Display: IME system now deactivated.
[2019.05.01-23.52.01:711][  0]LogSlate: Window 'Unable to Check Out From Source Control!' being destroyed
[2019.05.01-23.52.01:711][  0]LogWindowsTextInputMethodSystem: Display: IME system now deactivated.
[2019.05.01-23.52.01:714][  0]LogWindowsTextInputMethodSystem: Display: IME system now deactivated.
[2019.05.01-23.52.01:749][  0]LightingResults: New page: Lighting Build
[2019.05.01-23.52.01:754][  0]MapCheck: New page: Map Check
[2019.05.01-23.52.01:754][  0]LightingResults: New page: Lighting Build
[2019.05.01-23.52.01:791][  0]LogUObjectHash: Compacting FUObjectHashTables data took   3.67ms
[2019.05.01-23.52.02:781][  0]LogAIModule: Creating AISystem for world FirstPersonExampleMap
[2019.05.01-23.52.02:820][  0]LogEditorServer: Finished looking for orphan Actors (0.000 secs)
[2019.05.01-23.52.02:994][  0]LogUObjectHash: Compacting FUObjectHashTables data took   2.62ms
[2019.05.01-23.52.02:996][  0]Cmd: MAP CHECKDEP NOCLEARLOG
[2019.05.01-23.52.02:996][  0]MapCheck: Map check complete: 0 Error(s), 0 Warning(s), took 0.382ms to complete.
[2019.05.01-23.52.02:996][  0]LogFileHelpers: Loading map 'FirstPersonExampleMap' took 1.248
[2019.05.01-23.52.03:161][  0]LogSlate: Updating window title bar state: overlay mode, drag disabled, window buttons hidden, title bar hidden
[2019.05.01-23.52.03:173][  0]LogSlate: Updating window title bar state: overlay mode, drag disabled, window buttons hidden, title bar hidden
[2019.05.01-23.52.03:187][  0]LogSlate: Updating window title bar state: overlay mode, drag disabled, window buttons hidden, title bar hidden
[2019.05.01-23.52.03:201][  0]LogSlate: Updating window title bar state: overlay mode, drag disabled, window buttons hidden, title bar hidden
[2019.05.01-23.52.03:218][  0]LogCollectionManager: Loaded 0 collections in 0.002975 seconds
[2019.05.01-23.52.03:262][  0]LogFileCache: Scanning file cache for directory 'C:/Users/ALE/Documents/GAME_2nd/GAME LEVEL DESIGN 2/PROJECT 3/PROJECT_3/P3_ALE/Saved/Collections/' took 0.01s
[2019.05.01-23.52.03:263][  0]LogFileCache: Scanning file cache for directory 'C:/Users/ALE/Documents/GAME_2nd/GAME LEVEL DESIGN 2/PROJECT 3/PROJECT_3/P3_ALE/Content/Developers/ALE/Collections/' took 0.01s
[2019.05.01-23.52.03:263][  0]LogFileCache: Scanning file cache for directory 'C:/Users/ALE/Documents/GAME_2nd/GAME LEVEL DESIGN 2/PROJECT 3/PROJECT_3/P3_ALE/Content/Collections/' took 0.01s
[2019.05.01-23.52.03:263][  0]LogCollectionManager: Rebuilt the GUID cache for 0 collections in 0.000001 seconds
[2019.05.01-23.52.03:281][  0]LogContentBrowser: Native class hierarchy populated in 0.0182 seconds. Added 2732 classes and 659 folders.
[2019.05.01-23.52.03:294][  0]LogContentBrowser: Native class hierarchy updated for 'WidgetCarousel' in 0.0004 seconds. Added 0 classes and 0 folders.
[2019.05.01-23.52.03:390][  0]LogPakFile: Registered encryption key '00000000000000000000000000000000': 0 pak files mounted, 0 remain pending
[2019.05.01-23.52.03:391][  0]LogPakFile: Registered encryption key '00000000000000000000000000000000': 0 pak files mounted, 0 remain pending
[2019.05.01-23.52.03:393][  0]LogPakFile: Registered encryption key '00000000000000000000000000000000': 0 pak files mounted, 0 remain pending
[2019.05.01-23.52.03:394][  0]LogPakFile: Registered encryption key '00000000000000000000000000000000': 0 pak files mounted, 0 remain pending
[2019.05.01-23.52.03:395][  0]LogPakFile: Registered encryption key '00000000000000000000000000000000': 0 pak files mounted, 0 remain pending
[2019.05.01-23.52.03:396][  0]LogPakFile: Registered encryption key '00000000000000000000000000000000': 0 pak files mounted, 0 remain pending
[2019.05.01-23.52.03:397][  0]LogPakFile: Registered encryption key '00000000000000000000000000000000': 0 pak files mounted, 0 remain pending
[2019.05.01-23.52.03:398][  0]LogPakFile: Registered encryption key '00000000000000000000000000000000': 0 pak files mounted, 0 remain pending
[2019.05.01-23.52.03:399][  0]LogPakFile: Registered encryption key '00000000000000000000000000000000': 0 pak files mounted, 0 remain pending
[2019.05.01-23.52.03:401][  0]LogPakFile: Registered encryption key '00000000000000000000000000000000': 0 pak files mounted, 0 remain pending
[2019.05.01-23.52.03:402][  0]LogPakFile: Registered encryption key '00000000000000000000000000000000': 0 pak files mounted, 0 remain pending
[2019.05.01-23.52.03:403][  0]LogPakFile: Registered encryption key '00000000000000000000000000000000': 0 pak files mounted, 0 remain pending
[2019.05.01-23.52.03:405][  0]LogPakFile: Registered encryption key '00000000000000000000000000000000': 0 pak files mounted, 0 remain pending
[2019.05.01-23.52.03:406][  0]LogPakFile: Registered encryption key '00000000000000000000000000000000': 0 pak files mounted, 0 remain pending
[2019.05.01-23.52.03:408][  0]LogPakFile: Registered encryption key '00000000000000000000000000000000': 0 pak files mounted, 0 remain pending
[2019.05.01-23.52.03:408][  0]LogPakFile: Registered encryption key '00000000000000000000000000000000': 0 pak files mounted, 0 remain pending
[2019.05.01-23.52.03:410][  0]LogPakFile: Registered encryption key '00000000000000000000000000000000': 0 pak files mounted, 0 remain pending
[2019.05.01-23.52.03:411][  0]LogPakFile: Registered encryption key '00000000000000000000000000000000': 0 pak files mounted, 0 remain pending
[2019.05.01-23.52.03:412][  0]LogPakFile: Registered encryption key '00000000000000000000000000000000': 0 pak files mounted, 0 remain pending
[2019.05.01-23.52.03:415][  0]LogPakFile: Registered encryption key '00000000000000000000000000000000': 0 pak files mounted, 0 remain pending
[2019.05.01-23.52.03:415][  0]LogPakFile: Registered encryption key '00000000000000000000000000000000': 0 pak files mounted, 0 remain pending
[2019.05.01-23.52.03:417][  0]LogPakFile: Registered encryption key '00000000000000000000000000000000': 0 pak files mounted, 0 remain pending
[2019.05.01-23.52.03:418][  0]LogPakFile: Registered encryption key '00000000000000000000000000000000': 0 pak files mounted, 0 remain pending
[2019.05.01-23.52.03:419][  0]LogPakFile: Registered encryption key '00000000000000000000000000000000': 0 pak files mounted, 0 remain pending
[2019.05.01-23.52.03:421][  0]LogPakFile: Registered encryption key '00000000000000000000000000000000': 0 pak files mounted, 0 remain pending
[2019.05.01-23.52.03:421][  0]LogPakFile: Registered encryption key '00000000000000000000000000000000': 0 pak files mounted, 0 remain pending
[2019.05.01-23.52.04:440][  0]LogContentBrowser: Native class hierarchy updated for 'AddContentDialog' in 0.0004 seconds. Added 0 classes and 0 folders.
[2019.05.01-23.52.04:451][  0]LogContentBrowser: Native class hierarchy updated for 'SceneOutliner' in 0.0004 seconds. Added 1 classes and 2 folders.
[2019.05.01-23.52.04:469][  0]LogSlate: Took 0.000261 seconds to synchronously load lazily loaded font '../../../Engine/Content/Slate/Fonts/Roboto-Bold.ttf' (160K)
[2019.05.01-23.52.04:628][  0]LogSlate: Took 0.149021 seconds to synchronously load lazily loaded font '../../../Engine/Content/Editor/Slate/Fonts/FontAwesome.ttf' (139K)
[2019.05.01-23.52.04:725][  0]LogRenderer: Reallocating scene render targets to support 836x536 Format 10 NumSamples 1 (Frame:1).
[2019.05.01-23.52.05:095][  0]LogContentBrowser: Native class hierarchy updated for 'HierarchicalLODOutliner' in 0.0004 seconds. Added 0 classes and 0 folders.
[2019.05.01-23.52.05:095][  0]LogLoad: (Engine Initialization) Total time: 88.02 seconds
[2019.05.01-23.52.05:095][  0]LogLoad: (Engine Initialization) Total Blueprint compile time: 0.00 seconds
[2019.05.01-23.52.05:194][  0]LogContentStreaming: Texture pool size now 1000 MB
[2019.05.01-23.52.06:065][  3]LogAssetRegistry: Asset discovery search completed in 48.6925 seconds
[2019.05.01-23.52.06:069][  3]LogCollectionManager: Rebuilt the object cache for 0 collections in 0.000001 seconds (found 0 objects)
[2019.05.01-23.52.06:069][  3]LogCollectionManager: Fixed up redirectors for 0 collections in 0.000099 seconds (updated 0 objects)
[2019.05.01-23.52.13:998][ 98]LogSlate: FSceneViewport::OnFocusLost() reason 0
[2019.05.01-23.52.21:564][308]LogSlate: FSceneViewport::OnFocusLost() reason 0
[2019.05.01-23.52.21:627][309]LogTemp: Repeating last play command: Selected Viewport
[2019.05.01-23.52.22:045][309]LogBlueprintUserMessages: Early PlayInEditor Detection: Level '/Game/FirstPersonBP/Maps/FirstPersonExampleMap.FirstPersonExampleMap:PersistentLevel' has LevelScriptBlueprint '/Game/FirstPersonBP/Maps/FirstPersonExampleMap.FirstPersonExampleMap:PersistentLevel.FirstPersonExampleMap' with GeneratedClass '/Game/FirstPersonBP/Maps/FirstPersonExampleMap.FirstPersonExampleMap_C' with ClassGeneratedBy '/Game/FirstPersonBP/Maps/FirstPersonExampleMap.FirstPersonExampleMap:PersistentLevel.FirstPersonExampleMap'
[2019.05.01-23.52.22:045][309]LogPlayLevel: PlayLevel: No blueprints needed recompiling
[2019.05.01-23.52.22:047][309]PIE: New page: PIE session: FirstPersonExampleMap (May 1, 2019, 1:52:22 PM)
[2019.05.01-23.52.22:067][309]LogPlayLevel: Creating play world package: /Game/FirstPersonBP/Maps/UEDPIE_0_FirstPersonExampleMap
[2019.05.01-23.52.22:275][309]LogPlayLevel: PIE: StaticDuplicateObject took: (0.205982s)
[2019.05.01-23.52.22:275][309]LogAIModule: Creating AISystem for world FirstPersonExampleMap
[2019.05.01-23.52.22:276][309]LogPlayLevel: PIE: World Init took: (0.000766s)
[2019.05.01-23.52.22:276][309]LogPlayLevel: PIE: Created PIE world by copying editor world from /Game/FirstPersonBP/Maps/FirstPersonExampleMap.FirstPersonExampleMap to /Game/FirstPersonBP/Maps/UEDPIE_0_FirstPersonExampleMap.FirstPersonExampleMap (0.208588s)
[2019.05.01-23.52.22:301][309]LogUObjectHash: Compacting FUObjectHashTables data took   1.26ms
[2019.05.01-23.52.22:305][309]LogInit: XAudio2 using 'Speaker/Headphone (Realtek High Definition Audio)' : 2 channels at 48 kHz using 32 bits per sample (channel mask 0x3)
[2019.05.01-23.52.22:324][309]LogInit: FAudioDevice initialized.
[2019.05.01-23.52.22:388][309]LogLoad: Game class is 'FirstPersonGameMode_C'
[2019.05.01-23.52.22:406][309]LogWorld: Bringing World /Game/FirstPersonBP/Maps/UEDPIE_0_FirstPersonExampleMap.FirstPersonExampleMap up for play (max tick rate 60) at 2019.05.01-18.52.22
[2019.05.01-23.52.22:418][309]LogWorld: Bringing up level for play took: 0.023709
[2019.05.01-23.52.22:489][309]LogContentBrowser: Native class hierarchy updated for 'MovieSceneCapture' in 0.0026 seconds. Added 20 classes and 0 folders.
[2019.05.01-23.52.22:493][309]PIE: Play in editor start time for /Game/FirstPersonBP/Maps/UEDPIE_0_FirstPersonExampleMap 0.991
[2019.05.01-23.52.22:496][309]LogBlueprintUserMessages: Late PlayInEditor Detection: Level '/Game/FirstPersonBP/Maps/FirstPersonExampleMap.FirstPersonExampleMap:PersistentLevel' has LevelScriptBlueprint '/Game/FirstPersonBP/Maps/FirstPersonExampleMap.FirstPersonExampleMap:PersistentLevel.FirstPersonExampleMap' with GeneratedClass '/Game/FirstPersonBP/Maps/FirstPersonExampleMap.FirstPersonExampleMap_C' with ClassGeneratedBy '/Game/FirstPersonBP/Maps/FirstPersonExampleMap.FirstPersonExampleMap:PersistentLevel.FirstPersonExampleMap'
[2019.05.01-23.52.25:651][358]LogSlate: Took 0.000837 seconds to synchronously load lazily loaded font '../../../Engine/Content/Slate/Fonts/Roboto-Light.ttf' (167K)
[2019.05.01-23.52.27:328][391]LogUObjectHash: Compacting FUObjectHashTables data took   1.04ms
[2019.05.01-23.52.28:892][391]LogSavePackage: Moving '../../../../../../Users/ALE/Documents/GAME_2nd/GAME LEVEL DESIGN 2/PROJECT 3/PROJECT_3/P3_ALE/Saved/FirstPersonExampleMap5EC31A114C2CC3467E887EA2EFAF12E4.tmp' to '../../../../../../Users/ALE/Documents/GAME_2nd/GAME LEVEL DESIGN 2/PROJECT 3/PROJECT_3/P3_ALE/Content/FirstPersonBP/Maps/FirstPersonExampleMap.umap'
[2019.05.01-23.52.29:310][391]LogSavePackage: Moving '../../../../../../Users/ALE/Documents/GAME_2nd/GAME LEVEL DESIGN 2/PROJECT 3/PROJECT_3/P3_ALE/Saved/FirstPersonExampleMap_BuiltDataCCA67200460B900FA2D94197645562F4.tmp' to '../../../../../../Users/ALE/Documents/GAME_2nd/GAME LEVEL DESIGN 2/PROJECT 3/PROJECT_3/P3_ALE/Content/FirstPersonBP/Maps/FirstPersonExampleMap_BuiltData.uasset'
[2019.05.01-23.52.41:908][632]LogBlueprintUserMessages: Early EndPlayMap Detection: Level '/Game/FirstPersonBP/Maps/FirstPersonExampleMap.FirstPersonExampleMap:PersistentLevel' has LevelScriptBlueprint '/Game/FirstPersonBP/Maps/FirstPersonExampleMap.FirstPersonExampleMap:PersistentLevel.FirstPersonExampleMap' with GeneratedClass '/Game/FirstPersonBP/Maps/FirstPersonExampleMap.FirstPersonExampleMap_C' with ClassGeneratedBy '/Game/FirstPersonBP/Maps/FirstPersonExampleMap.FirstPersonExampleMap:PersistentLevel.FirstPersonExampleMap'
[2019.05.01-23.52.41:909][632]LogSlate: Updating window title bar state: overlay mode, drag disabled, window buttons hidden, title bar hidden
[2019.05.01-23.52.42:042][632]LogPlayLevel: Display: Shutting down PIE online subsystems
[2019.05.01-23.52.42:043][632]LogBlueprintUserMessages: Late EndPlayMap Detection: Level '/Game/FirstPersonBP/Maps/FirstPersonExampleMap.FirstPersonExampleMap:PersistentLevel' has LevelScriptBlueprint '/Game/FirstPersonBP/Maps/FirstPersonExampleMap.FirstPersonExampleMap:PersistentLevel.FirstPersonExampleMap' with GeneratedClass '/Game/FirstPersonBP/Maps/FirstPersonExampleMap.FirstPersonExampleMap_C' with ClassGeneratedBy '/Game/FirstPersonBP/Maps/FirstPersonExampleMap.FirstPersonExampleMap:PersistentLevel.FirstPersonExampleMap'
[2019.05.01-23.52.42:129][632]LogSlate: Updating window title bar state: overlay mode, drag disabled, window buttons hidden, title bar hidden
[2019.05.01-23.52.42:140][632]LogUObjectHash: Compacting FUObjectHashTables data took   5.31ms
[2019.05.01-23.52.42:217][633]LogPlayLevel: Display: Destroying online subsystem :Context_1
[2019.05.01-23.52.43:267][654]LogEditorViewport: Clicking on Actor (LMB): BP_FOGATA_C (BP_FOGATA3)
[2019.05.01-23.52.48:158][739]LogEditorViewport: Clicking on Actor (LMB): BP_FOGATA_C (BP_FOGATA3)
[2019.05.01-23.53.04:548][ 31]Cmd: SELECT NONE
[2019.05.01-23.53.06:662][ 62]LogSlate: FSceneViewport::OnFocusLost() reason 0
[2019.05.01-23.53.36:698][563]LogConsoleManager: Warning: Console object named 'ActorComponents.Enable' already exists but is being registered again, but we weren't expected it to be! (FConsoleManager::AddConsoleObject)
[2019.05.01-23.53.53:689][848]LogSlate: FSceneViewport::OnFocusLost() reason 0
[2019.05.01-23.54.12:969][ 40]LogActorFactory: Actor Factory created Cube
[2019.05.01-23.54.14:931][ 73]LogActorFactory: Actor Factory created Cube
[2019.05.01-23.54.16:189][ 90]Cmd: DELETE
[2019.05.01-23.54.16:189][ 90]Cmd: ACTOR DELETE
[2019.05.01-23.54.16:260][ 90]LogEditorActor: Deleted Actor: StaticMeshActor
[2019.05.01-23.54.16:316][ 90]LogUObjectHash: Compacting FUObjectHashTables data took   2.89ms
[2019.05.01-23.54.16:316][ 90]LogEditorActor: Deleted 1 Actors (0.127 secs)
[2019.05.01-23.54.16:896][102]LogSlate: FSceneViewport::OnFocusLost() reason 0
[2019.05.01-23.54.19:450][147]Cmd: BRUSH ADD SELECTNEWBRUSH
[2019.05.01-23.54.24:350][231]LogSlate: FSceneViewport::OnFocusLost() reason 0
[2019.05.01-23.54.34:744][401]Cmd: DELETE
[2019.05.01-23.54.34:744][401]Cmd: ACTOR DELETE
[2019.05.01-23.54.34:822][401]LogEditorActor: Deleted Actor: Brush
[2019.05.01-23.54.34:876][401]LogUObjectHash: Compacting FUObjectHashTables data took   1.92ms
[2019.05.01-23.54.34:987][401]LogEditorActor: Deleted 1 Actors (0.242 secs)
[2019.05.01-23.54.37:524][443]LogSlate: FSceneViewport::OnFocusLost() reason 0
[2019.05.01-23.54.40:560][483]Cmd: BRUSH ADD SELECTNEWBRUSH
[2019.05.01-23.54.46:453][586]LogSlate: FSceneViewport::OnFocusLost() reason 0
[2019.05.01-23.55.07:945][948]LogSlate: FSceneViewport::OnFocusLost() reason 0
[2019.05.01-23.55.47:657][648]LogSlate: FSceneViewport::OnFocusLost() reason 0
[2019.05.01-23.55.57:398][821]LogSlate: FSceneViewport::OnFocusLost() reason 0
[2019.05.01-23.56.27:485][365]LogSlate: FSceneViewport::OnFocusLost() reason 0
[2019.05.01-23.56.46:424][687]LogSlate: FSceneViewport::OnFocusLost() reason 0
[2019.05.01-23.57.19:151][226]LogSlate: FSceneViewport::OnFocusLost() reason 0
[2019.05.01-23.57.27:636][366]LogSlate: FSceneViewport::OnFocusLost() reason 0
[2019.05.01-23.57.33:689][466]LogSlate: FSceneViewport::OnFocusLost() reason 0
[2019.05.01-23.57.38:882][550]LogSlate: FSceneViewport::OnFocusLost() reason 0
[2019.05.01-23.57.43:769][631]LogSlate: FSceneViewport::OnFocusLost() reason 0
[2019.05.01-23.57.50:610][748]LogSlate: FSceneViewport::OnFocusLost() reason 0
[2019.05.01-23.58.05:906][  6]LogSlate: FSceneViewport::OnFocusLost() reason 0
[2019.05.01-23.58.17:280][193]LogSlate: FSceneViewport::OnFocusLost() reason 0
[2019.05.01-23.58.31:258][410]Cmd: SELECT NONE
[2019.05.01-23.58.35:065][477]LogSlate: FSceneViewport::OnFocusLost() reason 2
[2019.05.01-23.58.41:381][579]Cmd: SELECT NONE
[2019.05.01-23.58.48:349][700]LogEditorViewport: Clicking on Actor (LMB): BP_FOGATA_C (BP_FOGATA3)
[2019.05.01-23.59.01:923][947]LogSlate: FSceneViewport::OnFocusLost() reason 0
[2019.05.01-23.59.01:977][948]LogTemp: Repeating last play command: Selected Viewport
[2019.05.01-23.59.02:078][948]LogBlueprintUserMessages: Early PlayInEditor Detection: Level '/Game/FirstPersonBP/Maps/FirstPersonExampleMap.FirstPersonExampleMap:PersistentLevel' has LevelScriptBlueprint '/Game/FirstPersonBP/Maps/FirstPersonExampleMap.FirstPersonExampleMap:PersistentLevel.FirstPersonExampleMap' with GeneratedClass '/Game/FirstPersonBP/Maps/FirstPersonExampleMap.FirstPersonExampleMap_C' with ClassGeneratedBy '/Game/FirstPersonBP/Maps/FirstPersonExampleMap.FirstPersonExampleMap:PersistentLevel.FirstPersonExampleMap'
[2019.05.01-23.59.02:078][948]LogPlayLevel: PlayLevel: No blueprints needed recompiling
[2019.05.01-23.59.02:078][948]PIE: New page: PIE session: FirstPersonExampleMap (May 1, 2019, 1:59:02 PM)
[2019.05.01-23.59.02:078][948]LogPlayLevel: Creating play world package: /Game/FirstPersonBP/Maps/UEDPIE_0_FirstPersonExampleMap
[2019.05.01-23.59.02:164][948]LogPlayLevel: PIE: StaticDuplicateObject took: (0.085994s)
[2019.05.01-23.59.02:165][948]LogAIModule: Creating AISystem for world FirstPersonExampleMap
[2019.05.01-23.59.02:166][948]LogPlayLevel: PIE: World Init took: (0.001130s)
[2019.05.01-23.59.02:166][948]LogPlayLevel: PIE: Created PIE world by copying editor world from /Game/FirstPersonBP/Maps/FirstPersonExampleMap.FirstPersonExampleMap to /Game/FirstPersonBP/Maps/UEDPIE_0_FirstPersonExampleMap.FirstPersonExampleMap (0.087396s)
[2019.05.01-23.59.02:219][948]LogUObjectHash: Compacting FUObjectHashTables data took   2.70ms
[2019.05.01-23.59.02:225][948]LogInit: XAudio2 using 'Speaker/Headphone (Realtek High Definition Audio)' : 2 channels at 48 kHz using 32 bits per sample (channel mask 0x3)
[2019.05.01-23.59.02:245][948]LogInit: FAudioDevice initialized.
[2019.05.01-23.59.02:281][948]LogLoad: Game class is 'FirstPersonGameMode_C'
[2019.05.01-23.59.02:284][948]LogWorld: Bringing World /Game/FirstPersonBP/Maps/UEDPIE_0_FirstPersonExampleMap.FirstPersonExampleMap up for play (max tick rate 60) at 2019.05.01-18.59.02
[2019.05.01-23.59.02:288][948]LogWorld: Bringing up level for play took: 0.005576
[2019.05.01-23.59.02:302][948]PIE: Play in editor start time for /Game/FirstPersonBP/Maps/UEDPIE_0_FirstPersonExampleMap 0.799
[2019.05.01-23.59.02:302][948]LogBlueprintUserMessages: Late PlayInEditor Detection: Level '/Game/FirstPersonBP/Maps/FirstPersonExampleMap.FirstPersonExampleMap:PersistentLevel' has LevelScriptBlueprint '/Game/FirstPersonBP/Maps/FirstPersonExampleMap.FirstPersonExampleMap:PersistentLevel.FirstPersonExampleMap' with GeneratedClass '/Game/FirstPersonBP/Maps/FirstPersonExampleMap.FirstPersonExampleMap_C' with ClassGeneratedBy '/Game/FirstPersonBP/Maps/FirstPersonExampleMap.FirstPersonExampleMap:PersistentLevel.FirstPersonExampleMap'
[2019.05.01-23.59.10:984][124]LogBlueprintUserMessages: Early EndPlayMap Detection: Level '/Game/FirstPersonBP/Maps/FirstPersonExampleMap.FirstPersonExampleMap:PersistentLevel' has LevelScriptBlueprint '/Game/FirstPersonBP/Maps/FirstPersonExampleMap.FirstPersonExampleMap:PersistentLevel.FirstPersonExampleMap' with GeneratedClass '/Game/FirstPersonBP/Maps/FirstPersonExampleMap.FirstPersonExampleMap_C' with ClassGeneratedBy '/Game/FirstPersonBP/Maps/FirstPersonExampleMap.FirstPersonExampleMap:PersistentLevel.FirstPersonExampleMap'
[2019.05.01-23.59.10:985][124]LogSlate: Updating window title bar state: overlay mode, drag disabled, window buttons hidden, title bar hidden
[2019.05.01-23.59.11:088][124]LogPlayLevel: Display: Shutting down PIE online subsystems
[2019.05.01-23.59.11:089][124]LogBlueprintUserMessages: Late EndPlayMap Detection: Level '/Game/FirstPersonBP/Maps/FirstPersonExampleMap.FirstPersonExampleMap:PersistentLevel' has LevelScriptBlueprint '/Game/FirstPersonBP/Maps/FirstPersonExampleMap.FirstPersonExampleMap:PersistentLevel.FirstPersonExampleMap' with GeneratedClass '/Game/FirstPersonBP/Maps/FirstPersonExampleMap.FirstPersonExampleMap_C' with ClassGeneratedBy '/Game/FirstPersonBP/Maps/FirstPersonExampleMap.FirstPersonExampleMap:PersistentLevel.FirstPersonExampleMap'
[2019.05.01-23.59.11:154][124]LogSlate: Updating window title bar state: overlay mode, drag disabled, window buttons hidden, title bar hidden
[2019.05.01-23.59.11:159][124]LogUObjectHash: Compacting FUObjectHashTables data took   2.23ms
[2019.05.01-23.59.11:180][125]LogPlayLevel: Display: Destroying online subsystem :Context_4
[2019.05.01-23.59.13:031][149]LogSlate: FSceneViewport::OnFocusLost() reason 0
[2019.05.01-23.59.15:357][190]LogSlate: Took 0.001213 seconds to synchronously load lazily loaded font '../../../Engine/Content/Slate/Fonts/Roboto-Light.ttf' (167K)
[2019.05.01-23.59.15:376][190]LogAssetEditorManager: Opening Asset editor for Blueprint /Game/P3_NEW/blueprints/BP_FOGATA.BP_FOGATA
[2019.05.01-23.59.15:798][190]LogContentBrowser: Native class hierarchy updated for 'BlueprintGraph' in 0.0008 seconds. Added 121 classes and 0 folders.
[2019.05.01-23.59.17:024][190]LogSlate: Took 0.000435 seconds to synchronously load lazily loaded font '../../../Engine/Content/Slate/Fonts/Roboto-BoldCondensed.ttf' (158K)
[2019.05.01-23.59.17:979][231]LogSlate: Took 0.000502 seconds to synchronously load lazily loaded font '../../../Engine/Content/Slate/Fonts/Roboto-Italic.ttf' (157K)
[2019.05.01-23.59.40:910][515]BlueprintLog: New page: Compile BP_FOGATA
[2019.05.01-23.59.41:185][515]LogUObjectHash: Compacting FUObjectHashTables data took   4.15ms
[2019.05.01-23.59.41:645][538]LogSavePackage: Moving '../../../../../../Users/ALE/Documents/GAME_2nd/GAME LEVEL DESIGN 2/PROJECT 3/PROJECT_3/P3_ALE/Saved/BP_FOGATA0CE2DAA140DFC2681E4F0DB56941798D.tmp' to '../../../../../../Users/ALE/Documents/GAME_2nd/GAME LEVEL DESIGN 2/PROJECT 3/PROJECT_3/P3_ALE/Content/P3_NEW/blueprints/BP_FOGATA.uasset'
[2019.05.01-23.59.44:346][624]LogTemp: Repeating last play command: Selected Viewport
[2019.05.01-23.59.44:407][624]LogBlueprintUserMessages: Early PlayInEditor Detection: Level '/Game/FirstPersonBP/Maps/FirstPersonExampleMap.FirstPersonExampleMap:PersistentLevel' has LevelScriptBlueprint '/Game/FirstPersonBP/Maps/FirstPersonExampleMap.FirstPersonExampleMap:PersistentLevel.FirstPersonExampleMap' with GeneratedClass '/Game/FirstPersonBP/Maps/FirstPersonExampleMap.FirstPersonExampleMap_C' with ClassGeneratedBy '/Game/FirstPersonBP/Maps/FirstPersonExampleMap.FirstPersonExampleMap:PersistentLevel.FirstPersonExampleMap'
[2019.05.01-23.59.44:407][624]LogPlayLevel: PlayLevel: No blueprints needed recompiling
[2019.05.01-23.59.44:407][624]PIE: New page: PIE session: FirstPersonExampleMap (May 1, 2019, 1:59:44 PM)
[2019.05.01-23.59.44:408][624]LogPlayLevel: Creating play world package: /Game/FirstPersonBP/Maps/UEDPIE_0_FirstPersonExampleMap
[2019.05.01-23.59.44:523][624]LogPlayLevel: PIE: StaticDuplicateObject took: (0.114718s)
[2019.05.01-23.59.44:523][624]LogAIModule: Creating AISystem for world FirstPersonExampleMap
[2019.05.01-23.59.44:524][624]LogPlayLevel: PIE: World Init took: (0.000942s)
[2019.05.01-23.59.44:524][624]LogPlayLevel: PIE: Created PIE world by copying editor world from /Game/FirstPersonBP/Maps/FirstPersonExampleMap.FirstPersonExampleMap to /Game/FirstPersonBP/Maps/UEDPIE_0_FirstPersonExampleMap.FirstPersonExampleMap (0.116044s)
[2019.05.01-23.59.44:580][624]LogUObjectHash: Compacting FUObjectHashTables data took   5.86ms
[2019.05.01-23.59.44:586][624]LogInit: XAudio2 using 'Speaker/Headphone (Realtek High Definition Audio)' : 2 channels at 48 kHz using 32 bits per sample (channel mask 0x3)
[2019.05.01-23.59.44:609][624]LogInit: FAudioDevice initialized.
[2019.05.01-23.59.44:644][624]LogLoad: Game class is 'FirstPersonGameMode_C'
[2019.05.01-23.59.44:656][624]LogWorld: Bringing World /Game/FirstPersonBP/Maps/UEDPIE_0_FirstPersonExampleMap.FirstPersonExampleMap up for play (max tick rate 60) at 2019.05.01-18.59.44
[2019.05.01-23.59.44:663][624]LogWorld: Bringing up level for play took: 0.016853
[2019.05.01-23.59.44:683][624]PIE: Play in editor start time for /Game/FirstPersonBP/Maps/UEDPIE_0_FirstPersonExampleMap 1.18
[2019.05.01-23.59.44:684][624]LogBlueprintUserMessages: Late PlayInEditor Detection: Level '/Game/FirstPersonBP/Maps/FirstPersonExampleMap.FirstPersonExampleMap:PersistentLevel' has LevelScriptBlueprint '/Game/FirstPersonBP/Maps/FirstPersonExampleMap.FirstPersonExampleMap:PersistentLevel.FirstPersonExampleMap' with GeneratedClass '/Game/FirstPersonBP/Maps/FirstPersonExampleMap.FirstPersonExampleMap_C' with ClassGeneratedBy '/Game/FirstPersonBP/Maps/FirstPersonExampleMap.FirstPersonExampleMap:PersistentLevel.FirstPersonExampleMap'
[2019.05.01-23.59.55:349][834]LogBlueprintUserMessages: Early EndPlayMap Detection: Level '/Game/FirstPersonBP/Maps/FirstPersonExampleMap.FirstPersonExampleMap:PersistentLevel' has LevelScriptBlueprint '/Game/FirstPersonBP/Maps/FirstPersonExampleMap.FirstPersonExampleMap:PersistentLevel.FirstPersonExampleMap' with GeneratedClass '/Game/FirstPersonBP/Maps/FirstPersonExampleMap.FirstPersonExampleMap_C' with ClassGeneratedBy '/Game/FirstPersonBP/Maps/FirstPersonExampleMap.FirstPersonExampleMap:PersistentLevel.FirstPersonExampleMap'
[2019.05.01-23.59.55:350][834]LogSlate: Updating window title bar state: overlay mode, drag disabled, window buttons hidden, title bar hidden
[2019.05.01-23.59.55:465][834]LogPlayLevel: Display: Shutting down PIE online subsystems
[2019.05.01-23.59.55:465][834]LogBlueprintUserMessages: Late EndPlayMap Detection: Level '/Game/FirstPersonBP/Maps/FirstPersonExampleMap.FirstPersonExampleMap:PersistentLevel' has LevelScriptBlueprint '/Game/FirstPersonBP/Maps/FirstPersonExampleMap.FirstPersonExampleMap:PersistentLevel.FirstPersonExampleMap' with GeneratedClass '/Game/FirstPersonBP/Maps/FirstPersonExampleMap.FirstPersonExampleMap_C' with ClassGeneratedBy '/Game/FirstPersonBP/Maps/FirstPersonExampleMap.FirstPersonExampleMap:PersistentLevel.FirstPersonExampleMap'
[2019.05.01-23.59.55:537][834]LogSlate: Updating window title bar state: overlay mode, drag disabled, window buttons hidden, title bar hidden
[2019.05.01-23.59.55:545][834]LogUObjectHash: Compacting FUObjectHashTables data took   4.11ms
[2019.05.01-23.59.55:623][835]LogPlayLevel: Display: Destroying online subsystem :Context_6
[2019.05.01-23.59.57:668][873]LogSlate: FSceneViewport::OnFocusLost() reason 0
[2019.05.02-00.00.11:102][579]BlueprintLog: New page: Compile BP_FOGATA
[2019.05.02-00.00.11:316][579]LogUObjectHash: Compacting FUObjectHashTables data took   3.21ms
[2019.05.02-00.00.15:474][696]BlueprintLog: New page: Compile BP_FOGATA
[2019.05.02-00.00.15:711][696]LogUObjectHash: Compacting FUObjectHashTables data took   4.01ms
[2019.05.02-00.00.18:162][830]LogSavePackage: Moving '../../../../../../Users/ALE/Documents/GAME_2nd/GAME LEVEL DESIGN 2/PROJECT 3/PROJECT_3/P3_ALE/Saved/BP_FOGATAAA6BFCFD466857BEA856B4BF6B875E13.tmp' to '../../../../../../Users/ALE/Documents/GAME_2nd/GAME LEVEL DESIGN 2/PROJECT 3/PROJECT_3/P3_ALE/Content/P3_NEW/blueprints/BP_FOGATA.uasset'
[2019.05.02-00.00.19:612][869]LogUObjectHash: Compacting FUObjectHashTables data took   3.88ms
[2019.05.02-00.00.20:380][869]LogSavePackage: Moving '../../../../../../Users/ALE/Documents/GAME_2nd/GAME LEVEL DESIGN 2/PROJECT 3/PROJECT_3/P3_ALE/Saved/FirstPersonExampleMap46675C904AA7F47DC8864E85D43901E4.tmp' to '../../../../../../Users/ALE/Documents/GAME_2nd/GAME LEVEL DESIGN 2/PROJECT 3/PROJECT_3/P3_ALE/Content/FirstPersonBP/Maps/FirstPersonExampleMap.umap'
[2019.05.02-00.00.20:730][869]LogSavePackage: Moving '../../../../../../Users/ALE/Documents/GAME_2nd/GAME LEVEL DESIGN 2/PROJECT 3/PROJECT_3/P3_ALE/Saved/FirstPersonExampleMap_BuiltData73F8CFEF4B94B772ADE3CAB63259B99C.tmp' to '../../../../../../Users/ALE/Documents/GAME_2nd/GAME LEVEL DESIGN 2/PROJECT 3/PROJECT_3/P3_ALE/Content/FirstPersonBP/Maps/FirstPersonExampleMap_BuiltData.uasset'
[2019.05.02-00.00.21:285][881]LogSlate: FSceneViewport::OnFocusLost() reason 0
[2019.05.02-00.00.21:335][882]LogTemp: Repeating last play command: Selected Viewport
[2019.05.02-00.00.21:418][882]LogBlueprintUserMessages: Early PlayInEditor Detection: Level '/Game/FirstPersonBP/Maps/FirstPersonExampleMap.FirstPersonExampleMap:PersistentLevel' has LevelScriptBlueprint '/Game/FirstPersonBP/Maps/FirstPersonExampleMap.FirstPersonExampleMap:PersistentLevel.FirstPersonExampleMap' with GeneratedClass '/Game/FirstPersonBP/Maps/FirstPersonExampleMap.FirstPersonExampleMap_C' with ClassGeneratedBy '/Game/FirstPersonBP/Maps/FirstPersonExampleMap.FirstPersonExampleMap:PersistentLevel.FirstPersonExampleMap'
[2019.05.02-00.00.21:418][882]LogPlayLevel: PlayLevel: No blueprints needed recompiling
[2019.05.02-00.00.21:418][882]PIE: New page: PIE session: FirstPersonExampleMap (May 1, 2019, 2:00:21 PM)
[2019.05.02-00.00.21:418][882]LogPlayLevel: Creating play world package: /Game/FirstPersonBP/Maps/UEDPIE_0_FirstPersonExampleMap
[2019.05.02-00.00.21:530][882]LogPlayLevel: PIE: StaticDuplicateObject took: (0.110628s)
[2019.05.02-00.00.21:530][882]LogAIModule: Creating AISystem for world FirstPersonExampleMap
[2019.05.02-00.00.21:530][882]LogPlayLevel: PIE: World Init took: (0.000802s)
[2019.05.02-00.00.21:530][882]LogPlayLevel: PIE: Created PIE world by copying editor world from /Game/FirstPersonBP/Maps/FirstPersonExampleMap.FirstPersonExampleMap to /Game/FirstPersonBP/Maps/UEDPIE_0_FirstPersonExampleMap.FirstPersonExampleMap (0.111749s)
[2019.05.02-00.00.21:587][882]LogUObjectHash: Compacting FUObjectHashTables data took   4.58ms
[2019.05.02-00.00.21:592][882]LogInit: XAudio2 using 'Speaker/Headphone (Realtek High Definition Audio)' : 2 channels at 48 kHz using 32 bits per sample (channel mask 0x3)
[2019.05.02-00.00.21:612][882]LogInit: FAudioDevice initialized.
[2019.05.02-00.00.21:646][882]LogLoad: Game class is 'FirstPersonGameMode_C'
[2019.05.02-00.00.21:650][882]LogWorld: Bringing World /Game/FirstPersonBP/Maps/UEDPIE_0_FirstPersonExampleMap.FirstPersonExampleMap up for play (max tick rate 60) at 2019.05.01-19.00.21
[2019.05.02-00.00.21:653][882]LogWorld: Bringing up level for play took: 0.006187
[2019.05.02-00.00.21:668][882]PIE: Play in editor start time for /Game/FirstPersonBP/Maps/UEDPIE_0_FirstPersonExampleMap 0.165
[2019.05.02-00.00.21:668][882]LogBlueprintUserMessages: Late PlayInEditor Detection: Level '/Game/FirstPersonBP/Maps/FirstPersonExampleMap.FirstPersonExampleMap:PersistentLevel' has LevelScriptBlueprint '/Game/FirstPersonBP/Maps/FirstPersonExampleMap.FirstPersonExampleMap:PersistentLevel.FirstPersonExampleMap' with GeneratedClass '/Game/FirstPersonBP/Maps/FirstPersonExampleMap.FirstPersonExampleMap_C' with ClassGeneratedBy '/Game/FirstPersonBP/Maps/FirstPersonExampleMap.FirstPersonExampleMap:PersistentLevel.FirstPersonExampleMap'
[2019.05.02-00.00.35:877][170]LogBlueprintUserMessages: Early EndPlayMap Detection: Level '/Game/FirstPersonBP/Maps/FirstPersonExampleMap.FirstPersonExampleMap:PersistentLevel' has LevelScriptBlueprint '/Game/FirstPersonBP/Maps/FirstPersonExampleMap.FirstPersonExampleMap:PersistentLevel.FirstPersonExampleMap' with GeneratedClass '/Game/FirstPersonBP/Maps/FirstPersonExampleMap.FirstPersonExampleMap_C' with ClassGeneratedBy '/Game/FirstPersonBP/Maps/FirstPersonExampleMap.FirstPersonExampleMap:PersistentLevel.FirstPersonExampleMap'
[2019.05.02-00.00.35:878][170]LogSlate: Updating window title bar state: overlay mode, drag disabled, window buttons hidden, title bar hidden
[2019.05.02-00.00.36:054][170]LogPlayLevel: Display: Shutting down PIE online subsystems
[2019.05.02-00.00.36:055][170]LogBlueprintUserMessages: Late EndPlayMap Detection: Level '/Game/FirstPersonBP/Maps/FirstPersonExampleMap.FirstPersonExampleMap:PersistentLevel' has LevelScriptBlueprint '/Game/FirstPersonBP/Maps/FirstPersonExampleMap.FirstPersonExampleMap:PersistentLevel.FirstPersonExampleMap' with GeneratedClass '/Game/FirstPersonBP/Maps/FirstPersonExampleMap.FirstPersonExampleMap_C' with ClassGeneratedBy '/Game/FirstPersonBP/Maps/FirstPersonExampleMap.FirstPersonExampleMap:PersistentLevel.FirstPersonExampleMap'
[2019.05.02-00.00.36:245][170]LogSlate: Updating window title bar state: overlay mode, drag disabled, window buttons hidden, title bar hidden
[2019.05.02-00.00.36:255][170]LogUObjectHash: Compacting FUObjectHashTables data took   4.44ms
[2019.05.02-00.00.36:307][171]LogPlayLevel: Display: Destroying online subsystem :Context_7
[2019.05.02-00.00.37:744][198]LogEditorViewport: Clicking on Actor (LMB): BP_FOGATA_C (BP_FOGATA3)
[2019.05.02-00.00.40:280][237]LogSlate: FSceneViewport::OnFocusLost() reason 0
[2019.05.02-00.00.49:161][359]LogD3D11RHI: Timed out while waiting for GPU to catch up. (0.5 s)
[2019.05.02-00.00.49:665][359]LogD3D11RHI: Timed out while waiting for GPU to catch up. (0.5 s)
[2019.05.02-00.00.49:848][359]LogD3D11RHI: Error: D3DDevice failed CreateBuffer VB with ByteWidth=160, BindFlags=0x1 Usage=2, CPUAccess=0x10000, MiscFlags=0x0
[2019.05.02-00.00.49:848][359]LogD3D11RHI: Error: Result failed 
 at D:\Build\++UE4\Sync\Engine\Source\Runtime\Windows\D3D11RHI\Private\D3D11VertexBuffer.cpp:83 
 with error DXGI_ERROR_DEVICE_REMOVED DXGI_ERROR_DEVICE_HUNG
[2019.05.02-00.00.49:848][359]LogD3D11RHI: [Aftermath] GDynamicRHI=000001A5CAC440C0, GDX11NVAfterMathEnabled=0, Result=0xFFFFFFFF, bDeviceActive=0
[2019.05.02-00.00.49:848][359]LogWindows: Windows GetLastError: The operation completed successfully. (0)
[2019.05.02-00.00.54:342][359]LogOutputDevice: Warning: 

Script Stack (0 frames):

[2019.05.02-00.00.54:342][359]LogWindows: Windows GetLastError: The operation completed successfully. (0)
[2019.05.02-00.00.54:387][359]LogWindows: Error: === Critical error: ===
[2019.05.02-00.00.54:387][359]LogWindows: Error: 
[2019.05.02-00.00.54:387][359]LogWindows: Error: Fatal error: [File:D:\Build\++UE4\Sync\Engine\Source\Runtime\RenderCore\Private\RenderingThread.cpp] [Line: 819] 
[2019.05.02-00.00.54:387][359]LogWindows: Error: Rendering thread exception:
[2019.05.02-00.00.54:387][359]LogWindows: Error: Fatal error: [File:D:\Build\++UE4\Sync\Engine\Source\Runtime\Windows\D3D11RHI\Private\D3D11Util.cpp] [Line: 198] 
[2019.05.02-00.00.54:387][359]LogWindows: Error: Unreal Engine is exiting due to D3D device being lost. (Error: 0x887A0006 - 'HUNG')
[2019.05.02-00.00.54:387][359]LogWindows: Error: 
[2019.05.02-00.00.54:387][359]LogWindows: Error: 
[2019.05.02-00.00.54:387][359]LogWindows: Error: Unhandled Exception: 0x00008000
[2019.05.02-00.00.54:387][359]LogWindows: Error: 
[2019.05.02-00.00.54:387][359]LogWindows: Error: [Callstack] 0x00007ff81ea1a388 KERNELBASE.dll!UnknownFunction []
[2019.05.02-00.00.54:388][359]LogWindows: Error: [Callstack] 0x00007fffcb6a3637 UE4Editor-Core.dll!UnknownFunction []
[2019.05.02-00.00.54:388][359]LogWindows: Error: [Callstack] 0x00007fffcb6a46b0 UE4Editor-Core.dll!UnknownFunction []
[2019.05.02-00.00.54:388][359]LogWindows: Error: [Callstack] 0x00007fffcb4b7cea UE4Editor-Core.dll!UnknownFunction []
[2019.05.02-00.00.54:388][359]LogWindows: Error: [Callstack] 0x00007fffcb43fe07 UE4Editor-Core.dll!UnknownFunction []
[2019.05.02-00.00.54:388][359]LogWindows: Error: [Callstack] 0x00007fffa9482a23 UE4Editor-D3D11RHI.dll!UnknownFunction []
[2019.05.02-00.00.54:388][359]LogWindows: Error: [Callstack] 0x00007fffa948629e UE4Editor-D3D11RHI.dll!UnknownFunction []
[2019.05.02-00.00.54:388][359]LogWindows: Error: [Callstack] 0x00007fffa9471778 UE4Editor-D3D11RHI.dll!UnknownFunction []
[2019.05.02-00.00.54:388][359]LogWindows: Error: [Callstack] 0x00007fffa945a7d0 UE4Editor-D3D11RHI.dll!UnknownFunction []
[2019.05.02-00.00.54:388][359]LogWindows: Error: [Callstack] 0x00007ffff1466df4 UE4Editor-UtilityShaders.dll!UnknownFunction []
[2019.05.02-00.00.54:388][359]LogWindows: Error: [Callstack] 0x00007fffb1213413 UE4Editor-Renderer.dll!UnknownFunction []
[2019.05.02-00.00.54:388][359]LogWindows: Error: [Callstack] 0x00007fffb135d6ad UE4Editor-Renderer.dll!UnknownFunction []
[2019.05.02-00.00.54:388][359]LogWindows: Error: [Callstack] 0x00007fffb135bb6f UE4Editor-Renderer.dll!UnknownFunction []
[2019.05.02-00.00.54:389][359]LogWindows: Error: [Callstack] 0x00007fffb126c35c UE4Editor-Renderer.dll!UnknownFunction []
[2019.05.02-00.00.54:389][359]LogWindows: Error: [Callstack] 0x00007fffb1022fba UE4Editor-Renderer.dll!UnknownFunction []
[2019.05.02-00.00.54:389][359]LogWindows: Error: [Callstack] 0x00007fffb147e5b0 UE4Editor-Renderer.dll!UnknownFunction []
[2019.05.02-00.00.54:389][359]LogWindows: Error: [Callstack] 0x00007fffb145d812 UE4Editor-Renderer.dll!UnknownFunction []
[2019.05.02-00.00.54:389][359]LogWindows: Error: [Callstack] 0x00007fffcb2c22d8 UE4Editor-Core.dll!UnknownFunction []
[2019.05.02-00.00.54:389][359]LogWindows: Error: [Callstack] 0x00007fffcb2c2563 UE4Editor-Core.dll!UnknownFunction []
[2019.05.02-00.00.54:389][359]LogWindows: Error: [Callstack] 0x00007fffef3759e1 UE4Editor-RenderCore.dll!UnknownFunction []
[2019.05.02-00.00.54:389][359]LogWindows: Error: [Callstack] 0x00007fffef37c174 UE4Editor-RenderCore.dll!UnknownFunction []
[2019.05.02-00.00.54:389][359]LogWindows: Error: [Callstack] 0x00007fffcb6b4b0f UE4Editor-Core.dll!UnknownFunction []
[2019.05.02-00.00.54:389][359]LogWindows: Error: [Callstack] 0x00007fffcb6b0877 UE4Editor-Core.dll!UnknownFunction []
[2019.05.02-00.00.54:389][359]LogWindows: Error: [Callstack] 0x00007ff821964034 KERNEL32.DLL!UnknownFunction []
[2019.05.02-00.00.54:389][359]LogWindows: Error: [Callstack] 0x00007ff821c63691 ntdll.dll!UnknownFunction []
[2019.05.02-00.00.54:389][359]LogWindows: Error: 
[2019.05.02-00.00.54:389][359]LogWindows: Error: 
[2019.05.02-00.00.54:389][359]LogWindows: Error: 
[2019.05.02-00.00.54:389][359]LogWindows: Error: 
[2019.05.02-00.00.54:417][359]LogExit: Executing StaticShutdownAfterError
[2019.05.02-00.00.54:451][359]LogWindows: FPlatformMisc::RequestExit(1)
[2019.05.02-00.00.54:561][359]Log file closed, 05/01/19 19:00:54
